TN:
SF:./test/regular.js
FN:15,require
FN:39,throwError
FN:86,(anonymous_3)
FN:105,(anonymous_4)
FN:132,(anonymous_5)
FN:144,(anonymous_6)
FN:151,throwError
FN:164,(anonymous_8)
FN:171,localRequire
FN:180,(anonymous_10)
FN:203,(anonymous_11)
FN:209,(anonymous_12)
FN:222,(anonymous_13)
FN:269,(anonymous_14)
FN:293,(anonymous_15)
FN:296,(anonymous_16)
FN:309,(anonymous_17)
FN:332,(anonymous_18)
FN:338,(anonymous_19)
FN:343,(anonymous_20)
FN:349,(anonymous_21)
FN:355,(anonymous_22)
FN:364,(anonymous_23)
FN:376,(anonymous_24)
FN:383,(anonymous_25)
FN:395,(anonymous_26)
FN:407,(anonymous_27)
FN:451,(anonymous_28)
FN:476,(anonymous_29)
FN:486,(anonymous_30)
FN:500,(anonymous_31)
FN:516,(anonymous_32)
FN:547,(anonymous_33)
FN:563,(anonymous_34)
FN:573,(anonymous_35)
FN:604,(anonymous_36)
FN:617,(anonymous_37)
FN:620,(anonymous_38)
FN:625,(anonymous_39)
FN:636,(anonymous_40)
FN:710,(anonymous_41)
FN:713,(anonymous_42)
FN:718,(anonymous_43)
FN:730,(anonymous_44)
FN:741,(anonymous_45)
FN:749,(anonymous_46)
FN:750,(anonymous_47)
FN:752,(anonymous_48)
FN:764,(anonymous_49)
FN:775,(anonymous_50)
FN:784,(anonymous_51)
FN:789,(anonymous_52)
FN:805,makePredicate
FN:820,compareTo
FN:832,(anonymous_55)
FN:851,(anonymous_56)
FN:854,findLine
FN:864,(anonymous_58)
FN:887,(anonymous_59)
FN:906,(anonymous_60)
FN:907,(anonymous_61)
FN:917,(anonymous_62)
FN:918,foo
FN:925,(anonymous_64)
FN:926,foo
FN:936,clone
FN:956,(anonymous_67)
FN:972,(anonymous_68)
FN:973,equals
FN:976,ld
FN:1000,whole
FN:1096,throttle
FN:1101,(anonymous_73)
FN:1107,(anonymous_74)
FN:1127,(anonymous_75)
FN:1135,(anonymous_76)
FN:1147,(anonymous_77)
FN:1152,(anonymous_78)
FN:1163,(anonymous_79)
FN:1168,(anonymous_80)
FN:1174,(anonymous_81)
FN:1180,(anonymous_82)
FN:1198,(anonymous_83)
FN:1199,(anonymous_84)
FN:1205,(anonymous_85)
FN:1214,(anonymous_86)
FN:1218,(anonymous_87)
FN:1234,update
FN:1290,(anonymous_89)
FN:1294,(anonymous_90)
FN:1303,(anonymous_91)
FN:1312,(anonymous_92)
FN:1322,(anonymous_93)
FN:1325,(anonymous_94)
FN:1328,(anonymous_95)
FN:1335,(anonymous_96)
FN:1342,update
FN:1363,(anonymous_98)
FN:1366,(anonymous_99)
FN:1370,destroy
FN:1379,(anonymous_101)
FN:1381,(anonymous_102)
FN:1386,(anonymous_103)
FN:1394,(anonymous_104)
FN:1406,(anonymous_105)
FN:1466,(anonymous_106)
FN:1470,(anonymous_107)
FN:1473,(anonymous_108)
FN:1476,(anonymous_109)
FN:1485,bindAttrWatcher
FN:1500,(anonymous_111)
FN:1515,(anonymous_112)
FN:1518,(anonymous_113)
FN:1523,(anonymous_114)
FN:1529,(anonymous_115)
FN:1538,(anonymous_116)
FN:1555,(anonymous_117)
FN:1558,camelCase
FN:1559,(anonymous_119)
FN:1568,(anonymous_120)
FN:1571,(anonymous_121)
FN:1575,(anonymous_122)
FN:1578,(anonymous_123)
FN:1589,(anonymous_124)
FN:1601,(anonymous_125)
FN:1606,(anonymous_126)
FN:1633,(anonymous_127)
FN:1640,(anonymous_128)
FN:1643,(anonymous_129)
FN:1646,(anonymous_130)
FN:1649,(anonymous_131)
FN:1656,(anonymous_132)
FN:1691,(anonymous_133)
FN:1693,(anonymous_134)
FN:1698,(anonymous_135)
FN:1705,(anonymous_136)
FN:1714,(anonymous_137)
FN:1724,(anonymous_138)
FN:1732,(anonymous_139)
FN:1736,(anonymous_140)
FN:1743,(anonymous_141)
FN:1762,(anonymous_142)
FN:1769,(anonymous_143)
FN:1774,(anonymous_144)
FN:1784,fixEventName
FN:1795,Event
FN:1829,(anonymous_147)
FN:1832,(anonymous_148)
FN:1837,(anonymous_149)
FN:1842,(anonymous_150)
FN:1849,(anonymous_151)
FN:1854,Group
FN:1860,(anonymous_153)
FN:1865,(anonymous_154)
FN:1868,(anonymous_155)
FN:1881,(anonymous_156)
FN:1886,(anonymous_157)
FN:1887,(anonymous_158)
FN:1889,wrapHander
FN:1890,(anonymous_160)
FN:1895,Lexer
FN:1906,(anonymous_162)
FN:1934,(anonymous_163)
FN:1938,(anonymous_164)
FN:1973,(anonymous_165)
FN:1984,(anonymous_166)
FN:1993,(anonymous_167)
FN:2010,genMap
FN:2020,setup
FN:2040,(anonymous_170)
FN:2062,(anonymous_171)
FN:2068,(anonymous_172)
FN:2073,(anonymous_173)
FN:2085,(anonymous_174)
FN:2088,(anonymous_175)
FN:2094,(anonymous_176)
FN:2099,(anonymous_177)
FN:2103,(anonymous_178)
FN:2115,(anonymous_179)
FN:2121,(anonymous_180)
FN:2126,(anonymous_181)
FN:2133,(anonymous_182)
FN:2136,(anonymous_183)
FN:2145,(anonymous_184)
FN:2149,(anonymous_185)
FN:2152,(anonymous_186)
FN:2215,(anonymous_187)
FN:2217,(anonymous_188)
FN:2225,(anonymous_189)
FN:2232,(anonymous_190)
FN:2240,(anonymous_191)
FN:2248,(anonymous_192)
FN:2256,(anonymous_193)
FN:2262,(anonymous_194)
FN:2271,(anonymous_195)
FN:2281,Parser
FN:2294,(anonymous_197)
FN:2299,(anonymous_198)
FN:2309,(anonymous_199)
FN:2313,(anonymous_200)
FN:2323,(anonymous_201)
FN:2329,(anonymous_202)
FN:2333,(anonymous_203)
FN:2355,(anonymous_204)
FN:2368,(anonymous_205)
FN:2394,(anonymous_206)
FN:2409,(anonymous_207)
FN:2426,(anonymous_208)
FN:2439,(anonymous_209)
FN:2456,(anonymous_210)
FN:2466,(anonymous_211)
FN:2474,(anonymous_212)
FN:2482,(anonymous_213)
FN:2519,(anonymous_214)
FN:2546,(anonymous_215)
FN:2551,(anonymous_216)
FN:2564,(anonymous_217)
FN:2590,(anonymous_218)
FN:2601,(anonymous_219)
FN:2616,(anonymous_220)
FN:2628,(anonymous_221)
FN:2643,(anonymous_222)
FN:2656,(anonymous_223)
FN:2668,(anonymous_224)
FN:2680,(anonymous_225)
FN:2688,(anonymous_226)
FN:2708,(anonymous_227)
FN:2722,(anonymous_228)
FN:2788,(anonymous_229)
FN:2808,(anonymous_230)
FN:2846,(anonymous_231)
FN:2863,(anonymous_232)
FN:2875,(anonymous_233)
FN:2883,(anonymous_234)
FN:2895,(anonymous_235)
FN:2907,(anonymous_236)
FN:2908,(anonymous_237)
FN:2911,wrap
FN:2912,(anonymous_239)
FN:2921,process
FN:2931,extend
FN:2942,fn
FN:2948,implement
FN:2963,(anonymous_244)
FN:2968,extend
FN:2976,(anonymous_246)
FN:2983,(anonymous_247)
FN:2990,(anonymous_248)
FN:2995,(anonymous_249)
FN:3003,(anonymous_250)
FN:3014,(anonymous_251)
FN:3017,(anonymous_252)
FN:3026,(anonymous_253)
FN:3037,(anonymous_254)
FN:3043,(anonymous_255)
FN:3049,(anonymous_256)
FN:3054,(anonymous_257)
FN:3066,(anonymous_258)
FN:3087,(anonymous_259)
FN:3107,(anonymous_260)
FN:3112,Event
FN:3117,(anonymous_262)
FN:3123,(anonymous_263)
FN:3132,(anonymous_264)
FN:3152,(anonymous_265)
FN:3163,(anonymous_266)
FN:3181,(anonymous_267)
FN:3195,(anonymous_268)
FN:3198,(anonymous_269)
FN:3213,(anonymous_270)
FN:3216,(anonymous_271)
FN:3226,(anonymous_272)
FN:3231,(anonymous_273)
FN:3251,(anonymous_274)
FN:3271,(anonymous_275)
FN:3288,initSelect
FN:3292,(anonymous_277)
FN:3295,(anonymous_278)
FN:3302,handler
FN:3309,(anonymous_280)
FN:3314,destroy
FN:3321,initText
FN:3324,(anonymous_283)
FN:3330,handler
FN:3333,(anonymous_285)
FN:3356,(anonymous_286)
FN:3361,destroy
FN:3376,initCheckBox
FN:3379,(anonymous_289)
FN:3384,handler
FN:3392,(anonymous_291)
FN:3399,destroy
FN:3407,initRadio
FN:3410,(anonymous_294)
FN:3416,handler
FN:3424,(anonymous_296)
FN:3430,destroy
FN:3436,(anonymous_298)
FN:3446,(anonymous_299)
FN:3447,update
FN:3454,(anonymous_301)
FN:3460,(anonymous_302)
FN:3467,(anonymous_303)
FN:3476,fire
FN:3490,(anonymous_305)
FN:3497,(anonymous_306)
FN:3504,TimeoutModule
FN:3513,(anonymous_308)
FN:3515,(anonymous_309)
FN:3526,(anonymous_310)
FN:3528,(anonymous_311)
FNF:311
FNH:247
FNDA:63,require
FNDA:0,throwError
FNDA:63,(anonymous_3)
FNDA:63,(anonymous_4)
FNDA:18,(anonymous_5)
FNDA:1,(anonymous_6)
FNDA:0,throwError
FNDA:18,(anonymous_8)
FNDA:45,localRequire
FNDA:45,(anonymous_10)
FNDA:0,(anonymous_11)
FNDA:1,(anonymous_12)
FNDA:86,(anonymous_13)
FNDA:27,(anonymous_14)
FNDA:27,(anonymous_15)
FNDA:135,(anonymous_16)
FNDA:190,(anonymous_17)
FNDA:9,(anonymous_18)
FNDA:98,(anonymous_19)
FNDA:3,(anonymous_20)
FNDA:3,(anonymous_21)
FNDA:173,(anonymous_22)
FNDA:1,(anonymous_23)
FNDA:46,(anonymous_24)
FNDA:177,(anonymous_25)
FNDA:5,(anonymous_26)
FNDA:133,(anonymous_27)
FNDA:4,(anonymous_28)
FNDA:0,(anonymous_29)
FNDA:215,(anonymous_30)
FNDA:126,(anonymous_31)
FNDA:4,(anonymous_32)
FNDA:33,(anonymous_33)
FNDA:81,(anonymous_34)
FNDA:38,(anonymous_35)
FNDA:4,(anonymous_36)
FNDA:6,(anonymous_37)
FNDA:4,(anonymous_38)
FNDA:6,(anonymous_39)
FNDA:295,(anonymous_40)
FNDA:19,(anonymous_41)
FNDA:19,(anonymous_42)
FNDA:403,(anonymous_43)
FNDA:2,(anonymous_44)
FNDA:1,(anonymous_45)
FNDA:0,(anonymous_46)
FNDA:1,(anonymous_47)
FNDA:127,(anonymous_48)
FNDA:0,(anonymous_49)
FNDA:35,(anonymous_50)
FNDA:2016,(anonymous_51)
FNDA:102,(anonymous_52)
FNDA:4,makePredicate
FNDA:21,compareTo
FNDA:37,(anonymous_55)
FNDA:1,(anonymous_56)
FNDA:2,findLine
FNDA:2,(anonymous_58)
FNDA:36,(anonymous_59)
FNDA:21,(anonymous_60)
FNDA:42,(anonymous_61)
FNDA:148,(anonymous_62)
FNDA:148,foo
FNDA:31,(anonymous_64)
FNDA:31,foo
FNDA:161,clone
FNDA:406,(anonymous_67)
FNDA:1,(anonymous_68)
FNDA:107,equals
FNDA:33,ld
FNDA:33,whole
FNDA:1,throttle
FNDA:1,(anonymous_73)
FNDA:5,(anonymous_74)
FNDA:1,(anonymous_75)
FNDA:2,(anonymous_76)
FNDA:1,(anonymous_77)
FNDA:4,(anonymous_78)
FNDA:1,(anonymous_79)
FNDA:1,(anonymous_80)
FNDA:308,(anonymous_81)
FNDA:32,(anonymous_82)
FNDA:0,(anonymous_83)
FNDA:0,(anonymous_84)
FNDA:1,(anonymous_85)
FNDA:15,(anonymous_86)
FNDA:40,(anonymous_87)
FNDA:18,update
FNDA:15,(anonymous_89)
FNDA:15,(anonymous_90)
FNDA:0,(anonymous_91)
FNDA:0,(anonymous_92)
FNDA:0,(anonymous_93)
FNDA:0,(anonymous_94)
FNDA:0,(anonymous_95)
FNDA:11,(anonymous_96)
FNDA:19,update
FNDA:11,(anonymous_98)
FNDA:0,(anonymous_99)
FNDA:11,destroy
FNDA:41,(anonymous_101)
FNDA:49,(anonymous_102)
FNDA:62,(anonymous_103)
FNDA:97,(anonymous_104)
FNDA:41,(anonymous_105)
FNDA:95,(anonymous_106)
FNDA:18,(anonymous_107)
FNDA:92,(anonymous_108)
FNDA:19,(anonymous_109)
FNDA:98,bindAttrWatcher
FNDA:22,(anonymous_111)
FNDA:1,(anonymous_112)
FNDA:1,(anonymous_113)
FNDA:1,(anonymous_114)
FNDA:1,(anonymous_115)
FNDA:1,(anonymous_116)
FNDA:0,(anonymous_117)
FNDA:0,camelCase
FNDA:0,(anonymous_119)
FNDA:13,(anonymous_120)
FNDA:13,(anonymous_121)
FNDA:0,(anonymous_122)
FNDA:0,(anonymous_123)
FNDA:8,(anonymous_124)
FNDA:0,(anonymous_125)
FNDA:96,(anonymous_126)
FNDA:52,(anonymous_127)
FNDA:29,(anonymous_128)
FNDA:0,(anonymous_129)
FNDA:0,(anonymous_130)
FNDA:21,(anonymous_131)
FNDA:77,(anonymous_132)
FNDA:13,(anonymous_133)
FNDA:0,(anonymous_134)
FNDA:13,(anonymous_135)
FNDA:1,(anonymous_136)
FNDA:49,(anonymous_137)
FNDA:0,(anonymous_138)
FNDA:0,(anonymous_139)
FNDA:219,(anonymous_140)
FNDA:0,(anonymous_141)
FNDA:1,(anonymous_142)
FNDA:1,(anonymous_143)
FNDA:2,(anonymous_144)
FNDA:26,fixEventName
FNDA:0,Event
FNDA:0,(anonymous_147)
FNDA:0,(anonymous_148)
FNDA:0,(anonymous_149)
FNDA:0,(anonymous_150)
FNDA:1,(anonymous_151)
FNDA:192,Group
FNDA:187,(anonymous_153)
FNDA:30,(anonymous_154)
FNDA:0,(anonymous_155)
FNDA:1,(anonymous_156)
FNDA:8807,(anonymous_157)
FNDA:0,(anonymous_158)
FNDA:6,wrapHander
FNDA:375,(anonymous_160)
FNDA:149,Lexer
FNDA:149,(anonymous_162)
FNDA:0,(anonymous_163)
FNDA:1903,(anonymous_164)
FNDA:334,(anonymous_165)
FNDA:1903,(anonymous_166)
FNDA:334,(anonymous_167)
FNDA:2,genMap
FNDA:2,setup
FNDA:33,(anonymous_170)
FNDA:98,(anonymous_171)
FNDA:22,(anonymous_172)
FNDA:178,(anonymous_173)
FNDA:96,(anonymous_174)
FNDA:82,(anonymous_175)
FNDA:36,(anonymous_176)
FNDA:192,(anonymous_177)
FNDA:54,(anonymous_178)
FNDA:45,(anonymous_179)
FNDA:121,(anonymous_180)
FNDA:35,(anonymous_181)
FNDA:0,(anonymous_182)
FNDA:76,(anonymous_183)
FNDA:194,(anonymous_184)
FNDA:10,(anonymous_185)
FNDA:93,(anonymous_186)
FNDA:1,(anonymous_187)
FNDA:93,(anonymous_188)
FNDA:96,(anonymous_189)
FNDA:15,(anonymous_190)
FNDA:20,(anonymous_191)
FNDA:181,(anonymous_192)
FNDA:79,(anonymous_193)
FNDA:1,(anonymous_194)
FNDA:1,(anonymous_195)
FNDA:140,Parser
FNDA:70,(anonymous_197)
FNDA:5661,(anonymous_198)
FNDA:20,(anonymous_199)
FNDA:492,(anonymous_200)
FNDA:0,(anonymous_201)
FNDA:1389,(anonymous_202)
FNDA:4547,(anonymous_203)
FNDA:147,(anonymous_204)
FNDA:235,(anonymous_205)
FNDA:91,(anonymous_206)
FNDA:91,(anonymous_207)
FNDA:92,(anonymous_208)
FNDA:11,(anonymous_209)
FNDA:32,(anonymous_210)
FNDA:70,(anonymous_211)
FNDA:1,(anonymous_212)
FNDA:15,(anonymous_213)
FNDA:20,(anonymous_214)
FNDA:161,(anonymous_215)
FNDA:176,(anonymous_216)
FNDA:177,(anonymous_217)
FNDA:235,(anonymous_218)
FNDA:237,(anonymous_219)
FNDA:239,(anonymous_220)
FNDA:240,(anonymous_221)
FNDA:244,(anonymous_222)
FNDA:262,(anonymous_223)
FNDA:271,(anonymous_224)
FNDA:274,(anonymous_225)
FNDA:274,(anonymous_226)
FNDA:291,(anonymous_227)
FNDA:323,(anonymous_228)
FNDA:15,(anonymous_229)
FNDA:285,(anonymous_230)
FNDA:7,(anonymous_231)
FNDA:5,(anonymous_232)
FNDA:1,(anonymous_233)
FNDA:176,(anonymous_234)
FNDA:1,(anonymous_235)
FNDA:0,(anonymous_236)
FNDA:167,(anonymous_237)
FNDA:4,wrap
FNDA:5,(anonymous_239)
FNDA:36,process
FNDA:34,extend
FNDA:89,fn
FNDA:36,implement
FNDA:1,(anonymous_244)
FNDA:6,extend
FNDA:0,(anonymous_246)
FNDA:0,(anonymous_247)
FNDA:0,(anonymous_248)
FNDA:0,(anonymous_249)
FNDA:0,(anonymous_250)
FNDA:84,(anonymous_251)
FNDA:126,(anonymous_252)
FNDA:0,(anonymous_253)
FNDA:0,(anonymous_254)
FNDA:0,(anonymous_255)
FNDA:1,(anonymous_256)
FNDA:122,(anonymous_257)
FNDA:124,(anonymous_258)
FNDA:596,(anonymous_259)
FNDA:0,(anonymous_260)
FNDA:5,Event
FNDA:3,(anonymous_262)
FNDA:1,(anonymous_263)
FNDA:523,(anonymous_264)
FNDA:75,(anonymous_265)
FNDA:448,(anonymous_266)
FNDA:1,(anonymous_267)
FNDA:4,(anonymous_268)
FNDA:7,(anonymous_269)
FNDA:0,(anonymous_270)
FNDA:0,(anonymous_271)
FNDA:1,(anonymous_272)
FNDA:2,(anonymous_273)
FNDA:1,(anonymous_274)
FNDA:19,(anonymous_275)
FNDA:5,initSelect
FNDA:7,(anonymous_277)
FNDA:21,(anonymous_278)
FNDA:0,handler
FNDA:5,(anonymous_280)
FNDA:5,destroy
FNDA:6,initText
FNDA:10,(anonymous_283)
FNDA:0,handler
FNDA:0,(anonymous_285)
FNDA:6,(anonymous_286)
FNDA:6,destroy
FNDA:4,initCheckBox
FNDA:5,(anonymous_289)
FNDA:0,handler
FNDA:4,(anonymous_291)
FNDA:4,destroy
FNDA:4,initRadio
FNDA:4,(anonymous_294)
FNDA:0,handler
FNDA:4,(anonymous_296)
FNDA:4,destroy
FNDA:1,(anonymous_298)
FNDA:0,(anonymous_299)
FNDA:0,update
FNDA:0,(anonymous_301)
FNDA:7,(anonymous_302)
FNDA:0,(anonymous_303)
FNDA:0,fire
FNDA:0,(anonymous_305)
FNDA:1,(anonymous_306)
FNDA:0,TimeoutModule
FNDA:0,(anonymous_308)
FNDA:0,(anonymous_309)
FNDA:0,(anonymous_310)
FNDA:0,(anonymous_311)
DA:15,1
DA:16,63
DA:19,63
DA:20,0
DA:21,0
DA:24,63
DA:29,63
DA:30,18
DA:31,18
DA:32,18
DA:33,18
DA:34,18
DA:35,18
DA:36,18
DA:39,1
DA:40,0
DA:41,0
DA:42,0
DA:43,0
DA:44,0
DA:45,0
DA:46,0
DA:49,63
DA:56,1
DA:62,1
DA:78,1
DA:86,1
DA:87,63
DA:89,63
DA:90,69
DA:91,69
DA:92,6
DA:105,1
DA:107,63
DA:109,63
DA:111,63
DA:112,63
DA:114,63
DA:115,120
DA:116,33
DA:117,87
DA:118,57
DA:121,63
DA:132,1
DA:133,18
DA:144,1
DA:145,1
DA:146,0
DA:147,0
DA:149,1
DA:151,1
DA:152,0
DA:164,1
DA:165,18
DA:171,1
DA:172,45
DA:173,45
DA:180,18
DA:181,45
DA:182,45
DA:183,45
DA:188,0
DA:189,0
DA:190,0
DA:191,0
DA:192,0
DA:195,0
DA:196,0
DA:203,18
DA:204,0
DA:207,18
DA:209,1
DA:210,1
DA:211,1
DA:212,1
DA:213,1
DA:214,1
DA:215,1
DA:216,1
DA:217,1
DA:218,1
DA:219,1
DA:220,1
DA:222,1
DA:223,86
DA:225,86
DA:226,86
DA:227,86
DA:228,86
DA:230,86
DA:232,86
DA:233,0
DA:235,86
DA:236,86
DA:237,86
DA:238,86
DA:239,86
DA:241,86
DA:242,86
DA:243,80
DA:244,80
DA:247,86
DA:248,86
DA:249,86
DA:258,1
DA:272,27
DA:276,27
DA:277,27
DA:279,27
DA:280,27
DA:281,20
DA:282,20
DA:283,0
DA:284,0
DA:286,20
DA:287,5
DA:293,27
DA:294,27
DA:295,27
DA:296,27
DA:297,135
DA:298,135
DA:299,135
DA:310,190
DA:311,190
DA:312,190
DA:313,182
DA:315,130
DA:316,130
DA:317,130
DA:318,130
DA:319,130
DA:322,130
DA:324,8
DA:325,8
DA:326,1
DA:327,1
DA:328,1
DA:330,8
DA:333,9
DA:334,9
DA:335,3
DA:336,3
DA:339,98
DA:340,1
DA:341,1
DA:344,3
DA:345,3
DA:346,2
DA:347,2
DA:350,3
DA:351,3
DA:352,3
DA:353,3
DA:357,173
DA:358,38
DA:359,38
DA:361,173
DA:362,173
DA:365,1
DA:371,1
DA:372,1
DA:374,1
DA:384,177
DA:385,0
DA:387,177
DA:388,177
DA:389,177
DA:390,177
DA:391,19
DA:392,19
DA:393,19
DA:395,5
DA:398,177
DA:408,133
DA:409,43
DA:410,43
DA:411,37
DA:412,37
DA:413,37
DA:414,6
DA:415,4
DA:417,2
DA:418,4
DA:419,4
DA:424,133
DA:452,4
DA:453,4
DA:454,4
DA:455,0
DA:456,0
DA:457,0
DA:459,0
DA:460,0
DA:461,0
DA:465,4
DA:466,4
DA:488,215
DA:489,169
DA:490,169
DA:491,169
DA:492,126
DA:493,126
DA:494,0
DA:497,169
DA:501,126
DA:502,126
DA:503,126
DA:505,126
DA:506,0
DA:509,126
DA:511,2
DA:512,2
DA:513,4
DA:515,2
DA:516,2
DA:517,4
DA:518,4
DA:519,8
DA:520,8
DA:521,4
DA:522,4
DA:525,4
DA:528,124
DA:529,124
DA:530,124
DA:532,126
DA:542,126
DA:543,126
DA:544,126
DA:548,33
DA:549,5
DA:550,5
DA:553,28
DA:554,28
DA:555,23
DA:556,36
DA:557,36
DA:558,17
DA:565,81
DA:567,81
DA:568,81
DA:569,81
DA:570,81
DA:571,81
DA:574,38
DA:575,38
DA:576,38
DA:577,38
DA:578,38
DA:579,38
DA:580,38
DA:582,38
DA:583,38
DA:585,0
DA:586,0
DA:588,0
DA:590,0
DA:592,0
DA:593,0
DA:595,0
DA:597,0
DA:599,0
DA:601,38
DA:606,4
DA:608,4
DA:609,4
DA:610,4
DA:612,4
DA:613,4
DA:616,4
DA:617,4
DA:618,6
DA:620,4
DA:621,4
DA:624,4
DA:625,4
DA:626,6
DA:629,4
DA:632,4
DA:639,295
DA:640,295
DA:642,295
DA:643,283
DA:645,283
DA:646,419
DA:647,419
DA:648,410
DA:649,4
DA:650,4
DA:651,2
DA:652,2
DA:654,4
DA:656,406
DA:657,406
DA:659,406
DA:660,406
DA:661,16
DA:662,4
DA:664,12
DA:665,23
DA:666,3
DA:667,3
DA:670,12
DA:671,9
DA:672,18
DA:673,0
DA:674,0
DA:680,390
DA:682,406
DA:683,141
DA:684,141
DA:686,141
DA:687,141
DA:688,134
DA:690,7
DA:693,265
DA:694,18
DA:695,18
DA:697,247
DA:700,406
DA:701,406
DA:702,9
DA:706,283
DA:707,283
DA:711,19
DA:714,19
DA:715,19
DA:716,19
DA:719,403
DA:720,177
DA:721,177
DA:722,226
DA:724,177
DA:726,226
DA:727,226
DA:731,2
DA:732,2
DA:733,2
DA:734,2
DA:738,1
DA:741,1
DA:742,1
DA:743,1
DA:744,1
DA:745,1
DA:746,1
DA:749,1
DA:750,1
DA:751,1
DA:752,1
DA:753,127
DA:757,1
DA:758,1
DA:759,1
DA:762,1
DA:765,0
DA:769,1
DA:772,1
DA:775,1
DA:776,35
DA:777,35
DA:778,158
DA:779,158
DA:781,35
DA:784,1
DA:785,2016
DA:789,1
DA:790,102
DA:791,1
DA:792,1
DA:793,1
DA:796,101
DA:797,181
DA:798,170
DA:802,102
DA:805,1
DA:806,4
DA:807,4
DA:809,4
DA:811,4
DA:812,51
DA:813,124
DA:814,29
DA:815,29
DA:818,22
DA:820,1
DA:821,21
DA:822,14
DA:823,14
DA:824,44
DA:826,14
DA:831,4
DA:832,3
DA:833,37
DA:835,3
DA:836,3
DA:837,20
DA:838,20
DA:839,20
DA:841,3
DA:845,1
DA:847,4
DA:851,1
DA:853,1
DA:854,1
DA:855,2
DA:856,2
DA:857,2
DA:858,2
DA:860,0
DA:864,1
DA:865,2
DA:866,2
DA:867,2
DA:868,2
DA:869,2
DA:871,2
DA:872,2
DA:874,2
DA:875,2
DA:877,2
DA:878,2
DA:879,2
DA:881,2
DA:886,1
DA:887,1
DA:888,36
DA:892,36
DA:893,25
DA:894,36
DA:895,873
DA:896,873
DA:897,873
DA:898,873
DA:901,36
DA:902,36
DA:906,1
DA:907,21
DA:908,42
DA:917,1
DA:918,1
DA:919,148
DA:920,148
DA:921,148
DA:922,148
DA:925,1
DA:926,31
DA:927,31
DA:928,31
DA:936,1
DA:937,161
DA:938,161
DA:939,20
DA:940,20
DA:941,51
DA:943,20
DA:945,141
DA:946,2
DA:947,4
DA:948,4
DA:950,2
DA:952,139
DA:956,1
DA:957,406
DA:958,406
DA:959,33
DA:960,33
DA:962,373
DA:963,372
DA:972,1
DA:973,1
DA:974,107
DA:976,1
DA:977,33
DA:978,33
DA:979,33
DA:980,33
DA:981,70
DA:983,33
DA:984,81
DA:986,33
DA:987,37
DA:988,107
DA:989,35
DA:991,72
DA:998,33
DA:1000,1
DA:1001,33
DA:1002,33
DA:1003,33
DA:1004,33
DA:1005,33
DA:1006,33
DA:1007,33
DA:1008,33
DA:1010,83
DA:1011,39
DA:1012,39
DA:1013,39
DA:1016,44
DA:1017,2
DA:1018,2
DA:1019,2
DA:1021,42
DA:1022,42
DA:1023,42
DA:1025,42
DA:1027,42
DA:1028,0
DA:1029,0
DA:1030,0
DA:1031,42
DA:1032,35
DA:1033,35
DA:1035,0
DA:1036,0
DA:1038,35
DA:1039,35
DA:1041,7
DA:1042,7
DA:1043,7
DA:1046,33
DA:1047,33
DA:1048,33
DA:1049,33
DA:1050,33
DA:1051,33
DA:1052,33
DA:1054,33
DA:1055,83
DA:1056,48
DA:1057,23
DA:1060,35
DA:1061,1
DA:1062,1
DA:1065,83
DA:1067,35
DA:1068,35
DA:1069,35
DA:1071,46
DA:1072,46
DA:1073,46
DA:1075,2
DA:1076,2
DA:1077,2
DA:1079,0
DA:1080,0
DA:1081,0
DA:1082,0
DA:1083,0
DA:1086,33
DA:1087,22
DA:1089,33
DA:1091,1
DA:1096,1
DA:1097,1
DA:1098,1
DA:1099,1
DA:1100,1
DA:1101,1
DA:1102,1
DA:1103,1
DA:1104,1
DA:1105,1
DA:1107,1
DA:1108,5
DA:1109,5
DA:1110,5
DA:1111,5
DA:1112,5
DA:1113,1
DA:1114,1
DA:1115,1
DA:1116,1
DA:1117,1
DA:1118,4
DA:1119,1
DA:1121,5
DA:1127,1
DA:1128,1
DA:1135,1
DA:1136,2
DA:1147,1
DA:1148,1
DA:1149,1
DA:1151,1
DA:1153,4
DA:1154,1
DA:1157,4
DA:1158,4
DA:1160,4
DA:1161,4
DA:1164,1
DA:1165,1
DA:1169,1
DA:1174,1
DA:1175,308
DA:1176,257
DA:1177,126
DA:1178,126
DA:1179,126
DA:1180,68
DA:1181,32
DA:1182,32
DA:1183,32
DA:1185,32
DA:1190,308
DA:1195,1
DA:1196,1
DA:1198,1
DA:1199,1
DA:1205,1
DA:1206,1
DA:1207,1
DA:1208,1
DA:1209,1
DA:1210,1
DA:1212,1
DA:1214,1
DA:1215,15
DA:1217,15
DA:1223,15
DA:1224,15
DA:1225,15
DA:1226,15
DA:1227,15
DA:1228,15
DA:1234,1
DA:1235,18
DA:1236,18
DA:1237,18
DA:1240,18
DA:1241,18
DA:1242,18
DA:1244,18
DA:1245,5
DA:1246,5
DA:1248,18
DA:1249,0
DA:1251,0
DA:1252,0
DA:1255,18
DA:1257,40
DA:1258,40
DA:1259,40
DA:1260,40
DA:1262,40
DA:1264,40
DA:1267,40
DA:1268,40
DA:1270,40
DA:1271,40
DA:1272,40
DA:1274,18
DA:1275,18
DA:1278,18
DA:1279,0
DA:1280,0
DA:1281,0
DA:1287,15
DA:1289,15
DA:1291,15
DA:1295,15
DA:1297,15
DA:1298,15
DA:1303,1
DA:1304,0
DA:1305,0
DA:1306,0
DA:1309,0
DA:1310,0
DA:1312,0
DA:1313,0
DA:1314,0
DA:1315,0
DA:1316,0
DA:1317,0
DA:1318,0
DA:1321,0
DA:1323,0
DA:1326,0
DA:1329,0
DA:1335,1
DA:1336,11
DA:1337,11
DA:1338,11
DA:1339,11
DA:1341,11
DA:1342,1
DA:1343,19
DA:1344,9
DA:1345,9
DA:1346,9
DA:1347,9
DA:1348,9
DA:1350,9
DA:1352,10
DA:1353,10
DA:1354,10
DA:1355,10
DA:1356,10
DA:1357,10
DA:1360,11
DA:1362,11
DA:1364,11
DA:1367,0
DA:1368,0
DA:1371,11
DA:1372,11
DA:1373,11
DA:1379,1
DA:1380,41
DA:1381,41
DA:1382,49
DA:1384,41
DA:1386,1
DA:1387,62
DA:1388,62
DA:1392,1
DA:1394,1
DA:1395,97
DA:1402,97
DA:1403,78
DA:1406,97
DA:1407,41
DA:1408,41
DA:1410,41
DA:1411,7
DA:1412,0
DA:1416,97
DA:1417,2
DA:1418,2
DA:1419,2
DA:1420,2
DA:1421,2
DA:1422,2
DA:1423,2
DA:1426,2
DA:1427,0
DA:1428,0
DA:1429,0
DA:1430,0
DA:1431,0
DA:1434,2
DA:1435,0
DA:1439,2
DA:1440,2
DA:1441,2
DA:1442,2
DA:1443,2
DA:1444,2
DA:1445,2
DA:1448,2
DA:1449,95
DA:1450,0
DA:1453,95
DA:1454,95
DA:1455,95
DA:1456,95
DA:1457,95
DA:1458,95
DA:1459,98
DA:1461,95
DA:1465,95
DA:1467,95
DA:1468,95
DA:1471,18
DA:1474,92
DA:1475,92
DA:1476,19
DA:1478,92
DA:1485,1
DA:1486,98
DA:1487,98
DA:1488,98
DA:1491,98
DA:1494,98
DA:1495,26
DA:1496,26
DA:1499,72
DA:1500,22
DA:1501,22
DA:1504,50
DA:1505,6
DA:1507,44
DA:1515,1
DA:1518,1
DA:1519,1
DA:1523,1
DA:1529,1
DA:1530,1
DA:1531,1
DA:1532,1
DA:1533,1
DA:1534,1
DA:1538,1
DA:1550,1
DA:1551,1
DA:1552,1
DA:1553,1
DA:1554,1
DA:1555,1
DA:1558,1
DA:1559,0
DA:1560,0
DA:1565,1
DA:1567,1
DA:1568,1
DA:1569,13
DA:1571,1
DA:1572,13
DA:1575,0
DA:1576,0
DA:1578,0
DA:1579,0
DA:1584,1
DA:1585,1
DA:1586,1
DA:1589,1
DA:1590,8
DA:1591,8
DA:1592,8
DA:1597,7
DA:1601,1
DA:1602,0
DA:1606,1
DA:1607,96
DA:1608,0
DA:1609,0
DA:1612,96
DA:1613,12
DA:1614,0
DA:1615,0
DA:1616,0
DA:1617,0
DA:1618,0
DA:1621,0
DA:1622,0
DA:1624,0
DA:1629,96
DA:1633,1
DA:1634,52
DA:1639,1
DA:1641,29
DA:1644,0
DA:1647,0
DA:1650,21
DA:1656,1
DA:1657,77
DA:1658,11
DA:1659,11
DA:1660,9
DA:1661,9
DA:1664,9
DA:1666,2
DA:1667,2
DA:1670,0
DA:1675,66
DA:1677,66
DA:1678,16
DA:1679,0
DA:1682,0
DA:1684,0
DA:1689,1
DA:1691,1
DA:1692,13
DA:1693,13
DA:1694,0
DA:1696,13
DA:1698,1
DA:1699,13
DA:1700,13
DA:1701,13
DA:1705,1
DA:1706,1
DA:1707,1
DA:1708,0
DA:1709,0
DA:1711,1
DA:1714,1
DA:1715,49
DA:1716,49
DA:1717,0
DA:1719,49
DA:1724,1
DA:1725,0
DA:1726,0
DA:1728,0
DA:1732,1
DA:1733,0
DA:1736,1
DA:1737,219
DA:1743,1
DA:1744,0
DA:1745,0
DA:1746,0
DA:1748,0
DA:1749,0
DA:1751,0
DA:1752,0
DA:1754,0
DA:1755,0
DA:1756,0
DA:1758,0
DA:1762,1
DA:1763,1
DA:1764,1
DA:1765,1
DA:1769,1
DA:1770,1
DA:1771,1
DA:1774,1
DA:1775,2
DA:1776,2
DA:1784,1
DA:1785,26
DA:1792,1
DA:1793,1
DA:1794,1
DA:1795,1
DA:1796,0
DA:1797,0
DA:1798,0
DA:1800,0
DA:1801,0
DA:1803,0
DA:1804,0
DA:1805,0
DA:1806,0
DA:1807,0
DA:1808,0
DA:1809,0
DA:1813,0
DA:1815,0
DA:1819,0
DA:1820,0
DA:1822,0
DA:1824,0
DA:1827,1
DA:1830,0
DA:1833,0
DA:1834,0
DA:1835,0
DA:1838,0
DA:1839,0
DA:1840,0
DA:1843,0
DA:1849,1
DA:1850,1
DA:1851,1
DA:1852,1
DA:1854,1
DA:1855,192
DA:1859,1
DA:1861,187
DA:1862,187
DA:1863,187
DA:1866,30
DA:1869,0
DA:1876,1
DA:1881,1
DA:1882,1
DA:1884,1
DA:1885,1
DA:1886,8807
DA:1887,0
DA:1889,1
DA:1890,6
DA:1891,375
DA:1895,1
DA:1896,149
DA:1897,149
DA:1898,149
DA:1899,149
DA:1900,149
DA:1903,1
DA:1906,1
DA:1907,149
DA:1908,149
DA:1911,149
DA:1912,149
DA:1913,149
DA:1914,1903
DA:1915,1903
DA:1916,1903
DA:1917,1903
DA:1918,1903
DA:1919,0
DA:1921,1903
DA:1922,1903
DA:1923,1903
DA:1924,1903
DA:1925,1903
DA:1929,149
DA:1931,149
DA:1934,1
DA:1935,0
DA:1938,1
DA:1940,1903
DA:1942,1903
DA:1943,8807
DA:1947,8807
DA:1948,1903
DA:1949,1903
DA:1950,1707
DA:1951,1707
DA:1953,1903
DA:1956,1903
DA:1957,0
DA:1959,0
DA:1960,0
DA:1962,0
DA:1963,0
DA:1966,1903
DA:1973,1
DA:1976,334
DA:1977,334
DA:1984,1
DA:1985,1903
DA:1986,1903
DA:1993,1
DA:1994,334
DA:1995,334
DA:1998,1
DA:2010,1
DA:2011,2
DA:2012,2
DA:2013,36
DA:2014,36
DA:2015,36
DA:2017,2
DA:2020,1
DA:2021,2
DA:2023,2
DA:2025,5
DA:2026,5
DA:2027,5
DA:2028,5
DA:2030,5
DA:2031,36
DA:2032,36
DA:2033,36
DA:2035,36
DA:2036,6
DA:2038,36
DA:2040,36
DA:2041,33
DA:2043,36
DA:2044,36
DA:2045,36
DA:2046,36
DA:2048,5
DA:2050,2
DA:2056,1
DA:2063,98
DA:2064,98
DA:2069,22
DA:2070,22
DA:2074,178
DA:2075,178
DA:2086,96
DA:2089,82
DA:2090,82
DA:2095,36
DA:2100,192
DA:2101,192
DA:2104,54
DA:2106,54
DA:2116,45
DA:2122,121
DA:2123,121
DA:2127,35
DA:2128,35
DA:2134,0
DA:2137,76
DA:2138,76
DA:2146,194
DA:2150,10
DA:2153,93
DA:2158,1
DA:2190,1
DA:2210,1
DA:2215,1
DA:2216,1
DA:2218,93
DA:2226,96
DA:2233,15
DA:2241,20
DA:2249,181
DA:2257,79
DA:2263,1
DA:2271,1
DA:2272,1
DA:2273,1
DA:2274,1
DA:2275,1
DA:2276,1
DA:2277,1
DA:2278,1
DA:2281,1
DA:2282,140
DA:2284,140
DA:2285,140
DA:2286,140
DA:2287,140
DA:2291,1
DA:2294,1
DA:2295,70
DA:2296,70
DA:2299,1
DA:2300,5661
DA:2301,5661
DA:2302,5661
DA:2303,5661
DA:2304,0
DA:2306,5661
DA:2309,1
DA:2310,20
DA:2313,1
DA:2314,492
DA:2315,0
DA:2316,0
DA:2318,492
DA:2323,1
DA:2325,0
DA:2326,0
DA:2329,1
DA:2330,1389
DA:2331,1389
DA:2333,1
DA:2334,4547
DA:2335,4547
DA:2336,2181
DA:2337,7422
DA:2338,192
DA:2339,192
DA:2343,2366
DA:2345,750
DA:2346,750
DA:2349,3605
DA:2355,1
DA:2356,147
DA:2357,147
DA:2358,181
DA:2359,181
DA:2361,147
DA:2368,1
DA:2369,235
DA:2370,235
DA:2373,77
DA:2374,77
DA:2375,77
DA:2376,0
DA:2378,77
DA:2380,91
DA:2382,32
DA:2384,35
DA:2386,0
DA:2388,0
DA:2394,1
DA:2395,91
DA:2396,91
DA:2397,91
DA:2398,91
DA:2399,91
DA:2400,91
DA:2401,77
DA:2402,77
DA:2404,91
DA:2409,1
DA:2412,91
DA:2414,91
DA:2415,96
DA:2416,96
DA:2417,96
DA:2418,96
DA:2420,91
DA:2426,1
DA:2427,92
DA:2428,92
DA:2432,57
DA:2433,57
DA:2434,57
DA:2435,8
DA:2436,8
DA:2437,8
DA:2438,5
DA:2439,5
DA:2440,11
DA:2441,11
DA:2443,5
DA:2444,5
DA:2446,54
DA:2448,35
DA:2450,0
DA:2456,1
DA:2457,32
DA:2458,32
DA:2459,32
DA:2461,0
DA:2466,1
DA:2467,70
DA:2468,70
DA:2469,70
DA:2470,70
DA:2474,1
DA:2475,1
DA:2476,1
DA:2477,1
DA:2478,1
DA:2482,1
DA:2483,15
DA:2484,15
DA:2485,15
DA:2487,15
DA:2489,15
DA:2491,15
DA:2492,15
DA:2493,31
DA:2494,31
DA:2495,10
DA:2497,5
DA:2498,5
DA:2499,5
DA:2500,5
DA:2502,4
DA:2503,4
DA:2505,1
DA:2508,21
DA:2512,11
DA:2513,11
DA:2519,1
DA:2520,20
DA:2522,20
DA:2523,20
DA:2524,20
DA:2526,20
DA:2528,20
DA:2530,20
DA:2532,20
DA:2533,32
DA:2534,0
DA:2535,0
DA:2537,32
DA:2540,20
DA:2541,20
DA:2546,1
DA:2547,161
DA:2548,161
DA:2551,1
DA:2552,176
DA:2554,176
DA:2556,176
DA:2557,176
DA:2558,176
DA:2564,1
DA:2565,177
DA:2566,177
DA:2567,177
DA:2568,177
DA:2569,5
DA:2572,5
DA:2574,8
DA:2575,8
DA:2576,3
DA:2578,5
DA:2582,5
DA:2583,5
DA:2585,172
DA:2590,1
DA:2591,235
DA:2592,235
DA:2593,2
DA:2594,2
DA:2596,233
DA:2601,1
DA:2603,237
DA:2604,237
DA:2605,1
DA:2611,236
DA:2616,1
DA:2618,239
DA:2620,239
DA:2621,2
DA:2624,237
DA:2628,1
DA:2630,240
DA:2632,240
DA:2633,1
DA:2635,239
DA:2643,1
DA:2644,244
DA:2646,244
DA:2647,4
DA:2649,240
DA:2656,1
DA:2657,262
DA:2659,262
DA:2660,18
DA:2662,244
DA:2668,1
DA:2669,271
DA:2670,271
DA:2671,9
DA:2673,262
DA:2680,1
DA:2681,274
DA:2682,274
DA:2683,3
DA:2685,271
DA:2688,1
DA:2689,274
DA:2691,274
DA:2692,11
DA:2693,11
DA:2695,11
DA:2698,263
DA:2708,1
DA:2709,291
DA:2710,291
DA:2711,6
DA:2713,285
DA:2722,1
DA:2724,323
DA:2725,323
DA:2727,323
DA:2728,285
DA:2729,285
DA:2730,285
DA:2731,158
DA:2732,158
DA:2733,0
DA:2734,0
DA:2736,158
DA:2737,158
DA:2738,158
DA:2741,127
DA:2742,11
DA:2743,11
DA:2745,116
DA:2746,116
DA:2751,38
DA:2752,0
DA:2754,38
DA:2755,38
DA:2758,323
DA:2759,38
DA:2762,24
DA:2763,24
DA:2764,24
DA:2767,2
DA:2768,2
DA:2769,2
DA:2770,2
DA:2773,12
DA:2774,12
DA:2775,12
DA:2776,12
DA:2779,285
DA:2780,285
DA:2781,285
DA:2782,285
DA:2788,1
DA:2789,15
DA:2790,15
DA:2791,15
DA:2792,20
DA:2793,17
DA:2796,15
DA:2808,1
DA:2809,285
DA:2810,285
DA:2812,7
DA:2814,5
DA:2816,1
DA:2819,1
DA:2820,1
DA:2822,93
DA:2823,93
DA:2825,178
DA:2826,178
DA:2827,20
DA:2829,158
DA:2831,0
DA:2846,1
DA:2847,7
DA:2849,7
DA:2850,7
DA:2851,16
DA:2852,16
DA:2853,16
DA:2854,16
DA:2855,16
DA:2857,7
DA:2858,7
DA:2863,1
DA:2864,5
DA:2865,5
DA:2866,21
DA:2867,21
DA:2868,5
DA:2870,5
DA:2871,5
DA:2875,1
DA:2876,1
DA:2877,1
DA:2878,1
DA:2879,1
DA:2880,1
DA:2883,1
DA:2884,176
DA:2892,1
DA:2895,1
DA:2906,1
DA:2907,0
DA:2908,167
DA:2911,1
DA:2912,4
DA:2913,5
DA:2914,5
DA:2915,5
DA:2916,5
DA:2917,5
DA:2921,1
DA:2922,36
DA:2923,110
DA:2925,110
DA:2931,1
DA:2932,34
DA:2933,34
DA:2935,34
DA:2936,3
DA:2937,3
DA:2938,3
DA:2939,3
DA:2942,1
DA:2943,89
DA:2946,31
DA:2948,1
DA:2949,36
DA:2950,36
DA:2954,31
DA:2956,31
DA:2957,31
DA:2958,31
DA:2963,1
DA:2965,1
DA:2966,1
DA:2968,1
DA:2969,9
DA:2970,1
DA:2975,1
DA:2977,0
DA:2982,1
DA:2984,0
DA:2985,0
DA:2986,0
DA:2988,0
DA:2991,0
DA:2992,0
DA:2996,0
DA:2997,0
DA:2998,0
DA:2999,0
DA:3001,0
DA:3004,0
DA:3005,0
DA:3006,0
DA:3008,0
DA:3013,1
DA:3015,84
DA:3016,84
DA:3017,84
DA:3018,126
DA:3019,126
DA:3025,1
DA:3027,0
DA:3028,0
DA:3029,0
DA:3031,0
DA:3036,1
DA:3038,0
DA:3042,1
DA:3044,0
DA:3049,1
DA:3052,1
DA:3053,1
DA:3055,122
DA:3056,1
DA:3057,2
DA:3060,121
DA:3062,121
DA:3064,122
DA:3067,124
DA:3068,107
DA:3069,107
DA:3072,107
DA:3073,42
DA:3074,1
DA:3075,1
DA:3077,41
DA:3078,41
DA:3079,41
DA:3080,41
DA:3084,65
DA:3088,596
DA:3089,596
DA:3090,596
DA:3091,167
DA:3095,429
DA:3099,596
DA:3100,97
DA:3101,157
DA:3104,97
DA:3112,1
DA:3113,5
DA:3115,1
DA:3117,1
DA:3118,3
DA:3119,3
DA:3121,1
DA:3123,1
DA:3127,1
DA:3129,1
DA:3133,523
DA:3134,523
DA:3135,481
DA:3136,360
DA:3137,257
DA:3138,177
DA:3139,177
DA:3140,151
DA:3141,151
DA:3143,26
DA:3144,26
DA:3145,75
DA:3147,26
DA:3153,75
DA:3155,75
DA:3156,57
DA:3158,50
DA:3159,25
DA:3164,448
DA:3165,448
DA:3166,187
DA:3167,261
DA:3170,448
DA:3171,448
DA:3172,288
DA:3173,187
DA:3174,0
DA:3175,0
DA:3181,1
DA:3183,1
DA:3184,1
DA:3185,1
DA:3189,1
DA:3190,1
DA:3195,1
DA:3196,4
DA:3198,4
DA:3199,7
DA:3200,14
DA:3201,14
DA:3202,14
DA:3203,10
DA:3206,7
DA:3213,1
DA:3214,0
DA:3216,0
DA:3217,0
DA:3218,0
DA:3226,1
DA:3229,1
DA:3231,1
DA:3232,2
DA:3233,1
DA:3235,1
DA:3251,1
DA:3253,1
DA:3254,1
DA:3255,1
DA:3257,1
DA:3271,1
DA:3272,19
DA:3273,19
DA:3274,19
DA:3275,7
DA:3276,19
DA:3278,19
DA:3279,2
DA:3280,2
DA:3288,1
DA:3289,5
DA:3290,5
DA:3291,5
DA:3292,5
DA:3293,7
DA:3294,7
DA:3295,7
DA:3296,21
DA:3297,6
DA:3302,1
DA:3303,0
DA:3304,0
DA:3305,0
DA:3306,0
DA:3308,5
DA:3309,5
DA:3310,5
DA:3311,4
DA:3314,5
DA:3315,5
DA:3321,1
DA:3322,6
DA:3323,6
DA:3324,6
DA:3325,10
DA:3326,10
DA:3330,6
DA:3331,0
DA:3332,0
DA:3333,0
DA:3334,0
DA:3335,0
DA:3336,0
DA:3337,0
DA:3340,0
DA:3341,0
DA:3342,0
DA:3343,0
DA:3345,0
DA:3348,6
DA:3349,6
DA:3351,0
DA:3352,0
DA:3353,0
DA:3354,0
DA:3356,6
DA:3357,6
DA:3358,4
DA:3361,6
DA:3362,6
DA:3363,6
DA:3365,0
DA:3366,0
DA:3367,0
DA:3368,0
DA:3376,1
DA:3377,4
DA:3378,4
DA:3379,4
DA:3380,5
DA:3381,5
DA:3384,4
DA:3385,0
DA:3386,0
DA:3387,0
DA:3388,0
DA:3389,0
DA:3391,4
DA:3392,4
DA:3394,4
DA:3395,4
DA:3399,4
DA:3400,4
DA:3407,1
DA:3408,4
DA:3409,4
DA:3410,4
DA:3411,4
DA:3412,4
DA:3416,4
DA:3417,0
DA:3418,0
DA:3419,0
DA:3420,0
DA:3421,0
DA:3423,4
DA:3424,4
DA:3425,4
DA:3426,4
DA:3430,4
DA:3431,4
DA:3436,1
DA:3441,1
DA:3442,1
DA:3443,1
DA:3445,1
DA:3447,1
DA:3448,0
DA:3449,0
DA:3450,0
DA:3453,0
DA:3454,0
DA:3455,0
DA:3460,1
DA:3461,7
DA:3462,3
DA:3463,3
DA:3467,1
DA:3469,0
DA:3471,0
DA:3472,0
DA:3473,0
DA:3474,0
DA:3476,1
DA:3477,0
DA:3478,0
DA:3479,0
DA:3480,0
DA:3481,0
DA:3484,0
DA:3485,0
DA:3486,0
DA:3488,0
DA:3490,0
DA:3491,0
DA:3497,1
DA:3498,1
DA:3504,1
DA:3506,0
DA:3514,0
DA:3515,0
DA:3516,0
DA:3517,0
DA:3527,0
DA:3528,0
DA:3529,0
DA:3530,0
DA:3537,1
DA:3539,1
LF:1733
LH:1458
BRDA:19,1,0,0
BRDA:19,1,1,63
BRDA:29,2,0,18
BRDA:29,2,1,45
BRDA:29,3,0,63
BRDA:29,3,1,63
BRDA:40,4,0,0
BRDA:40,4,1,0
BRDA:41,5,0,0
BRDA:41,5,1,0
BRDA:87,6,0,0
BRDA:87,6,1,63
BRDA:91,7,0,63
BRDA:91,7,1,6
BRDA:92,8,0,0
BRDA:92,8,1,6
BRDA:109,9,0,0
BRDA:109,9,1,63
BRDA:115,10,0,33
BRDA:115,10,1,87
BRDA:117,11,0,57
BRDA:117,11,1,30
BRDA:117,12,0,87
BRDA:117,12,1,57
BRDA:145,13,0,0
BRDA:145,13,1,1
BRDA:182,14,0,0
BRDA:182,14,1,45
BRDA:183,15,0,45
BRDA:183,15,1,0
BRDA:191,16,0,0
BRDA:191,16,1,0
BRDA:220,17,0,0
BRDA:220,17,1,1
BRDA:225,18,0,86
BRDA:225,18,1,8
BRDA:226,19,0,86
BRDA:226,19,1,19
BRDA:227,20,0,6
BRDA:227,20,1,80
BRDA:232,21,0,0
BRDA:232,21,1,86
BRDA:232,22,0,86
BRDA:232,22,1,40
BRDA:232,22,2,8
BRDA:235,23,0,40
BRDA:235,23,1,46
BRDA:237,24,0,86
BRDA:237,24,1,0
BRDA:238,25,0,86
BRDA:238,25,1,46
BRDA:239,26,0,86
BRDA:239,26,1,84
BRDA:241,27,0,0
BRDA:241,27,1,86
BRDA:242,28,0,80
BRDA:242,28,1,6
BRDA:249,29,0,86
BRDA:249,29,1,0
BRDA:272,30,0,0
BRDA:272,30,1,27
BRDA:279,31,0,1
BRDA:279,31,1,26
BRDA:280,32,0,20
BRDA:280,32,1,7
BRDA:282,33,0,0
BRDA:282,33,1,20
BRDA:282,34,0,20
BRDA:282,34,1,5
BRDA:282,34,2,0
BRDA:284,35,0,0
BRDA:284,35,1,0
BRDA:286,36,0,5
BRDA:286,36,1,15
BRDA:299,37,0,108
BRDA:299,37,1,27
BRDA:312,38,0,182
BRDA:312,38,1,8
BRDA:313,39,0,52
BRDA:313,39,1,130
BRDA:313,40,0,182
BRDA:313,40,1,182
BRDA:319,41,0,0
BRDA:319,41,1,130
BRDA:324,42,0,8
BRDA:324,42,1,0
BRDA:325,43,0,7
BRDA:325,43,1,1
BRDA:326,44,0,1
BRDA:326,44,1,0
BRDA:334,45,0,6
BRDA:334,45,1,3
BRDA:339,46,0,97
BRDA:339,46,1,1
BRDA:345,47,0,1
BRDA:345,47,1,2
BRDA:350,48,0,1
BRDA:350,48,1,2
BRDA:351,49,0,0
BRDA:351,49,1,3
BRDA:357,50,0,38
BRDA:357,50,1,135
BRDA:359,51,0,38
BRDA:359,51,1,17
BRDA:384,52,0,0
BRDA:384,52,1,177
BRDA:388,53,0,19
BRDA:388,53,1,158
BRDA:390,54,0,19
BRDA:390,54,1,158
BRDA:393,55,0,5
BRDA:393,55,1,14
BRDA:408,56,0,43
BRDA:408,56,1,90
BRDA:410,57,0,37
BRDA:410,57,1,6
BRDA:410,58,0,43
BRDA:410,58,1,18
BRDA:414,59,0,4
BRDA:414,59,1,2
BRDA:418,60,0,4
BRDA:418,60,1,0
BRDA:424,61,0,133
BRDA:424,61,1,0
BRDA:453,62,0,4
BRDA:453,62,1,0
BRDA:453,63,0,4
BRDA:453,63,1,2
BRDA:455,64,0,0
BRDA:455,64,1,0
BRDA:459,65,0,0
BRDA:459,65,1,0
BRDA:460,66,0,0
BRDA:460,66,1,0
BRDA:488,67,0,46
BRDA:488,67,1,169
BRDA:493,68,0,0
BRDA:493,68,1,126
BRDA:501,69,0,126
BRDA:501,69,1,111
BRDA:502,70,0,4
BRDA:502,70,1,122
BRDA:505,71,0,0
BRDA:505,71,1,126
BRDA:509,72,0,2
BRDA:509,72,1,124
BRDA:520,73,0,4
BRDA:520,73,1,4
BRDA:525,74,0,2
BRDA:525,74,1,2
BRDA:543,75,0,126
BRDA:543,75,1,5
BRDA:548,76,0,5
BRDA:548,76,1,28
BRDA:554,77,0,5
BRDA:554,77,1,23
BRDA:554,78,0,28
BRDA:554,78,1,28
BRDA:554,78,2,26
BRDA:557,79,0,17
BRDA:557,79,1,19
BRDA:557,80,0,36
BRDA:557,80,1,36
BRDA:567,81,0,81
BRDA:567,81,1,77
BRDA:574,82,0,38
BRDA:574,82,1,38
BRDA:576,83,0,38
BRDA:576,83,1,0
BRDA:577,84,0,0
BRDA:577,84,1,38
BRDA:578,85,0,0
BRDA:578,85,1,38
BRDA:579,86,0,0
BRDA:579,86,1,38
BRDA:580,87,0,38
BRDA:580,87,1,0
BRDA:580,87,2,0
BRDA:580,87,3,0
BRDA:585,88,0,0
BRDA:585,88,1,0
BRDA:592,89,0,0
BRDA:592,89,1,0
BRDA:608,90,0,0
BRDA:608,90,1,4
BRDA:608,91,0,4
BRDA:608,91,1,4
BRDA:609,92,0,0
BRDA:609,92,1,4
BRDA:612,93,0,0
BRDA:612,93,1,4
BRDA:616,94,0,4
BRDA:616,94,1,0
BRDA:624,95,0,4
BRDA:624,95,1,0
BRDA:642,96,0,12
BRDA:642,96,1,283
BRDA:642,97,0,295
BRDA:642,97,1,295
BRDA:647,98,0,9
BRDA:647,98,1,410
BRDA:648,99,0,4
BRDA:648,99,1,406
BRDA:650,100,0,2
BRDA:650,100,1,2
BRDA:660,101,0,16
BRDA:660,101,1,390
BRDA:660,102,0,406
BRDA:660,102,1,16
BRDA:661,103,0,4
BRDA:661,103,1,12
BRDA:665,104,0,3
BRDA:665,104,1,20
BRDA:670,105,0,9
BRDA:670,105,1,3
BRDA:672,106,0,0
BRDA:672,106,1,18
BRDA:682,107,0,141
BRDA:682,107,1,265
BRDA:682,108,0,406
BRDA:682,108,1,266
BRDA:687,109,0,134
BRDA:687,109,1,7
BRDA:693,110,0,18
BRDA:693,110,1,247
BRDA:693,111,0,265
BRDA:693,111,1,29
BRDA:700,112,0,159
BRDA:700,112,1,247
BRDA:701,113,0,9
BRDA:701,113,1,397
BRDA:706,114,0,126
BRDA:706,114,1,157
BRDA:719,115,0,177
BRDA:719,115,1,226
BRDA:726,116,0,0
BRDA:726,116,1,226
BRDA:727,117,0,226
BRDA:727,117,1,0
BRDA:733,118,0,0
BRDA:733,118,1,2
BRDA:746,119,0,1
BRDA:746,119,1,0
BRDA:762,120,0,0
BRDA:762,120,1,1
BRDA:785,121,0,46
BRDA:785,121,1,1970
BRDA:790,122,0,1
BRDA:790,122,1,101
BRDA:797,123,0,170
BRDA:797,123,1,11
BRDA:797,124,0,181
BRDA:797,124,1,18
BRDA:806,125,0,4
BRDA:806,125,1,0
BRDA:813,126,0,29
BRDA:813,126,1,95
BRDA:821,127,0,7
BRDA:821,127,1,14
BRDA:831,128,0,3
BRDA:831,128,1,1
BRDA:857,129,0,2
BRDA:857,129,1,0
BRDA:858,130,0,2
BRDA:858,130,1,0
BRDA:865,131,0,0
BRDA:865,131,1,2
BRDA:872,132,0,2
BRDA:872,132,1,0
BRDA:875,133,0,2
BRDA:875,133,1,0
BRDA:878,134,0,0
BRDA:878,134,1,2
BRDA:879,135,0,0
BRDA:879,135,1,2
BRDA:892,136,0,11
BRDA:892,136,1,25
BRDA:896,137,0,873
BRDA:896,137,1,0
BRDA:896,138,0,873
BRDA:896,138,1,837
BRDA:896,138,2,156
BRDA:897,139,0,30
BRDA:897,139,1,843
BRDA:898,140,0,30
BRDA:898,140,1,843
BRDA:901,141,0,0
BRDA:901,141,1,36
BRDA:921,142,0,0
BRDA:921,142,1,148
BRDA:938,143,0,20
BRDA:938,143,1,141
BRDA:945,144,0,2
BRDA:945,144,1,139
BRDA:947,145,0,4
BRDA:947,145,1,0
BRDA:958,146,0,33
BRDA:958,146,1,373
BRDA:959,147,0,33
BRDA:959,147,1,15
BRDA:962,148,0,1
BRDA:962,148,1,372
BRDA:962,149,0,373
BRDA:962,149,1,73
BRDA:962,149,2,48
BRDA:962,149,3,1
BRDA:988,150,0,35
BRDA:988,150,1,72
BRDA:1008,151,0,116
BRDA:1008,151,1,72
BRDA:1010,152,0,39
BRDA:1010,152,1,44
BRDA:1016,153,0,2
BRDA:1016,153,1,42
BRDA:1027,154,0,0
BRDA:1027,154,1,42
BRDA:1031,155,0,35
BRDA:1031,155,1,7
BRDA:1032,156,0,35
BRDA:1032,156,1,0
BRDA:1055,157,0,48
BRDA:1055,157,1,35
BRDA:1056,158,0,23
BRDA:1056,158,1,25
BRDA:1060,159,0,1
BRDA:1060,159,1,34
BRDA:1065,160,0,35
BRDA:1065,160,1,46
BRDA:1065,160,2,2
BRDA:1065,160,3,0
BRDA:1086,161,0,22
BRDA:1086,161,1,11
BRDA:1097,162,0,1
BRDA:1097,162,1,1
BRDA:1112,163,0,1
BRDA:1112,163,1,4
BRDA:1112,164,0,5
BRDA:1112,164,1,4
BRDA:1118,165,0,1
BRDA:1118,165,1,3
BRDA:1136,166,0,2
BRDA:1136,166,1,0
BRDA:1148,167,0,1
BRDA:1148,167,1,0
BRDA:1153,168,0,1
BRDA:1153,168,1,3
BRDA:1157,169,0,4
BRDA:1157,169,1,0
BRDA:1164,170,0,0
BRDA:1164,170,1,1
BRDA:1175,171,0,257
BRDA:1175,171,1,51
BRDA:1176,172,0,126
BRDA:1176,172,1,131
BRDA:1179,173,0,68
BRDA:1179,173,1,58
BRDA:1181,174,0,32
BRDA:1181,174,1,0
BRDA:1235,175,0,0
BRDA:1235,175,1,18
BRDA:1235,176,0,18
BRDA:1235,176,1,18
BRDA:1270,177,0,25
BRDA:1270,177,1,15
BRDA:1270,178,0,40
BRDA:1270,178,1,25
BRDA:1275,179,0,0
BRDA:1275,179,1,18
BRDA:1278,180,0,0
BRDA:1278,180,1,18
BRDA:1298,181,0,15
BRDA:1298,181,1,0
BRDA:1309,182,0,0
BRDA:1309,182,1,0
BRDA:1313,183,0,0
BRDA:1313,183,1,0
BRDA:1318,184,0,0
BRDA:1318,184,1,0
BRDA:1329,185,0,0
BRDA:1329,185,1,0
BRDA:1343,186,0,9
BRDA:1343,186,1,10
BRDA:1344,187,0,0
BRDA:1344,187,1,9
BRDA:1347,188,0,5
BRDA:1347,188,1,4
BRDA:1350,189,0,9
BRDA:1350,189,1,9
BRDA:1352,190,0,0
BRDA:1352,190,1,10
BRDA:1353,191,0,3
BRDA:1353,191,1,7
BRDA:1355,192,0,10
BRDA:1355,192,1,0
BRDA:1357,193,0,10
BRDA:1357,193,1,10
BRDA:1367,194,0,0
BRDA:1367,194,1,0
BRDA:1368,195,0,0
BRDA:1368,195,1,0
BRDA:1371,196,0,5
BRDA:1371,196,1,6
BRDA:1372,197,0,6
BRDA:1372,197,1,5
BRDA:1382,198,0,0
BRDA:1382,198,1,49
BRDA:1402,199,0,78
BRDA:1402,199,1,19
BRDA:1402,200,0,97
BRDA:1402,200,1,83
BRDA:1410,201,0,34
BRDA:1410,201,1,7
BRDA:1410,202,0,16
BRDA:1410,202,1,18
BRDA:1411,203,0,7
BRDA:1411,203,1,0
BRDA:1412,204,0,0
BRDA:1412,204,1,0
BRDA:1412,205,0,0
BRDA:1412,205,1,0
BRDA:1416,206,0,2
BRDA:1416,206,1,95
BRDA:1420,207,0,2
BRDA:1420,207,1,0
BRDA:1426,208,0,0
BRDA:1426,208,1,2
BRDA:1427,209,0,0
BRDA:1427,209,1,0
BRDA:1428,210,0,0
BRDA:1428,210,1,0
BRDA:1434,211,0,0
BRDA:1434,211,1,2
BRDA:1439,212,0,0
BRDA:1439,212,1,2
BRDA:1440,213,0,2
BRDA:1440,213,1,0
BRDA:1443,214,0,2
BRDA:1443,214,1,0
BRDA:1444,215,0,2
BRDA:1444,215,1,0
BRDA:1444,216,0,2
BRDA:1444,216,1,2
BRDA:1449,217,0,0
BRDA:1449,217,1,95
BRDA:1449,218,0,95
BRDA:1449,218,1,0
BRDA:1453,219,0,0
BRDA:1453,219,1,95
BRDA:1461,220,0,0
BRDA:1461,220,1,95
BRDA:1467,221,0,78
BRDA:1467,221,1,17
BRDA:1467,222,0,95
BRDA:1467,222,1,78
BRDA:1474,223,0,76
BRDA:1474,223,1,16
BRDA:1475,224,0,19
BRDA:1475,224,1,73
BRDA:1489,225,0,98
BRDA:1489,225,1,4
BRDA:1494,226,0,26
BRDA:1494,226,1,72
BRDA:1494,227,0,98
BRDA:1494,227,1,26
BRDA:1496,228,0,19
BRDA:1496,228,1,7
BRDA:1499,229,0,22
BRDA:1499,229,1,50
BRDA:1504,230,0,6
BRDA:1504,230,1,44
BRDA:1519,231,0,1
BRDA:1519,231,1,1
BRDA:1567,232,0,1
BRDA:1567,232,1,0
BRDA:1584,233,0,1
BRDA:1584,233,1,1
BRDA:1585,234,0,1
BRDA:1585,234,1,0
BRDA:1586,235,0,1
BRDA:1586,235,1,1
BRDA:1590,236,0,8
BRDA:1590,236,1,0
BRDA:1597,237,0,3
BRDA:1597,237,1,4
BRDA:1607,238,0,0
BRDA:1607,238,1,96
BRDA:1608,239,0,0
BRDA:1608,239,1,0
BRDA:1612,240,0,12
BRDA:1612,240,1,84
BRDA:1613,241,0,0
BRDA:1613,241,1,12
BRDA:1617,242,0,0
BRDA:1617,242,1,0
BRDA:1617,243,0,0
BRDA:1617,243,1,0
BRDA:1617,243,2,0
BRDA:1629,244,0,96
BRDA:1629,244,1,0
BRDA:1641,245,0,29
BRDA:1641,245,1,0
BRDA:1641,246,0,29
BRDA:1641,246,1,0
BRDA:1644,247,0,0
BRDA:1644,247,1,0
BRDA:1647,248,0,0
BRDA:1647,248,1,0
BRDA:1650,249,0,21
BRDA:1650,249,1,0
BRDA:1657,250,0,11
BRDA:1657,250,1,66
BRDA:1658,251,0,11
BRDA:1658,251,1,0
BRDA:1659,252,0,9
BRDA:1659,252,1,2
BRDA:1664,253,0,0
BRDA:1664,253,1,9
BRDA:1664,254,0,9
BRDA:1664,254,1,0
BRDA:1670,255,0,0
BRDA:1670,255,1,0
BRDA:1670,256,0,0
BRDA:1670,256,1,0
BRDA:1671,257,0,0
BRDA:1671,257,1,0
BRDA:1675,258,0,66
BRDA:1675,258,1,0
BRDA:1677,259,0,50
BRDA:1677,259,1,16
BRDA:1679,260,0,0
BRDA:1679,260,1,0
BRDA:1684,261,0,0
BRDA:1684,261,1,0
BRDA:1700,262,0,13
BRDA:1700,262,1,0
BRDA:1707,263,0,0
BRDA:1707,263,1,1
BRDA:1707,264,0,1
BRDA:1707,264,1,0
BRDA:1716,265,0,0
BRDA:1716,265,1,49
BRDA:1717,266,0,0
BRDA:1717,266,1,0
BRDA:1725,267,0,0
BRDA:1725,267,1,0
BRDA:1733,268,0,0
BRDA:1733,268,1,0
BRDA:1737,269,0,219
BRDA:1737,269,1,0
BRDA:1744,270,0,0
BRDA:1744,270,1,0
BRDA:1746,271,0,0
BRDA:1746,271,1,0
BRDA:1749,272,0,0
BRDA:1749,272,1,0
BRDA:1751,273,0,0
BRDA:1751,273,1,0
BRDA:1752,274,0,0
BRDA:1752,274,1,0
BRDA:1754,275,0,0
BRDA:1754,275,1,0
BRDA:1755,276,0,0
BRDA:1755,276,1,0
BRDA:1756,277,0,0
BRDA:1756,277,1,0
BRDA:1763,278,0,1
BRDA:1763,278,1,1
BRDA:1764,279,0,1
BRDA:1764,279,1,0
BRDA:1770,280,0,1
BRDA:1770,280,1,0
BRDA:1775,281,0,2
BRDA:1775,281,1,1
BRDA:1785,282,0,0
BRDA:1785,282,1,26
BRDA:1785,283,0,26
BRDA:1785,283,1,26
BRDA:1785,283,2,0
BRDA:1785,283,3,0
BRDA:1785,283,4,0
BRDA:1785,283,5,0
BRDA:1785,283,6,0
BRDA:1794,284,0,1
BRDA:1794,284,1,0
BRDA:1794,285,0,1
BRDA:1794,285,1,1
BRDA:1796,286,0,0
BRDA:1796,286,1,0
BRDA:1797,287,0,0
BRDA:1797,287,1,0
BRDA:1803,288,0,0
BRDA:1803,288,1,0
BRDA:1804,289,0,0
BRDA:1804,289,1,0
BRDA:1805,290,0,0
BRDA:1805,290,1,0
BRDA:1806,291,0,0
BRDA:1806,291,1,0
BRDA:1806,292,0,0
BRDA:1806,292,1,0
BRDA:1807,293,0,0
BRDA:1807,293,1,0
BRDA:1807,294,0,0
BRDA:1807,294,1,0
BRDA:1808,295,0,0
BRDA:1808,295,1,0
BRDA:1813,296,0,0
BRDA:1813,296,1,0
BRDA:1813,297,0,0
BRDA:1813,297,1,0
BRDA:1815,298,0,0
BRDA:1815,298,1,0
BRDA:1815,299,0,0
BRDA:1815,299,1,0
BRDA:1819,300,0,0
BRDA:1819,300,1,0
BRDA:1820,301,0,0
BRDA:1820,301,1,0
BRDA:1820,302,0,0
BRDA:1820,302,1,0
BRDA:1822,303,0,0
BRDA:1822,303,1,0
BRDA:1822,304,0,0
BRDA:1822,304,1,0
BRDA:1822,305,0,0
BRDA:1822,305,1,0
BRDA:1833,306,0,0
BRDA:1833,306,1,0
BRDA:1838,307,0,0
BRDA:1838,307,1,0
BRDA:1843,308,0,0
BRDA:1843,308,1,0
BRDA:1855,309,0,192
BRDA:1855,309,1,15
BRDA:1862,310,0,5
BRDA:1862,310,1,182
BRDA:1885,311,0,1
BRDA:1885,311,1,0
BRDA:1885,312,0,1
BRDA:1885,312,1,1
BRDA:1896,313,0,149
BRDA:1896,313,1,0
BRDA:1897,314,0,149
BRDA:1897,314,1,5
BRDA:1898,315,0,81
BRDA:1898,315,1,68
BRDA:1900,316,0,70
BRDA:1900,316,1,79
BRDA:1907,317,0,149
BRDA:1907,317,1,149
BRDA:1918,318,0,0
BRDA:1918,318,1,1903
BRDA:1924,319,0,1448
BRDA:1924,319,1,455
BRDA:1947,320,0,1903
BRDA:1947,320,1,6904
BRDA:1949,321,0,1707
BRDA:1949,321,1,196
BRDA:1951,322,0,1448
BRDA:1951,322,1,259
BRDA:1956,323,0,0
BRDA:1956,323,1,1903
BRDA:1957,324,0,0
BRDA:1957,324,1,0
BRDA:1995,325,0,334
BRDA:1995,325,1,0
BRDA:1995,326,0,334
BRDA:1995,326,1,156
BRDA:2014,327,0,36
BRDA:2014,327,1,5
BRDA:2015,328,0,36
BRDA:2015,328,1,5
BRDA:2035,329,0,6
BRDA:2035,329,1,30
BRDA:2038,330,0,30
BRDA:2038,330,1,6
BRDA:2041,331,0,21
BRDA:2041,331,1,12
BRDA:2064,332,0,11
BRDA:2064,332,1,87
BRDA:2070,333,0,12
BRDA:2070,333,1,10
BRDA:2075,334,0,52
BRDA:2075,334,1,126
BRDA:2100,335,0,96
BRDA:2100,335,1,96
BRDA:2104,336,0,54
BRDA:2104,336,1,7
BRDA:2104,336,2,0
BRDA:2150,337,0,10
BRDA:2150,337,1,0
BRDA:2150,337,2,0
BRDA:2252,338,0,181
BRDA:2252,338,1,146
BRDA:2253,339,0,181
BRDA:2253,339,1,88
BRDA:2282,340,0,140
BRDA:2282,340,1,59
BRDA:2300,341,0,5661
BRDA:2300,341,1,5661
BRDA:2301,342,0,0
BRDA:2301,342,1,5661
BRDA:2303,343,0,0
BRDA:2303,343,1,5661
BRDA:2310,344,0,20
BRDA:2310,344,1,0
BRDA:2314,345,0,0
BRDA:2314,345,1,492
BRDA:2316,346,0,0
BRDA:2316,346,1,0
BRDA:2316,347,0,0
BRDA:2316,347,1,0
BRDA:2325,348,0,0
BRDA:2325,348,1,0
BRDA:2325,349,0,0
BRDA:2325,349,1,0
BRDA:2330,350,0,1389
BRDA:2330,350,1,1389
BRDA:2335,351,0,2181
BRDA:2335,351,1,2366
BRDA:2337,352,0,192
BRDA:2337,352,1,7230
BRDA:2343,353,0,750
BRDA:2343,353,1,1616
BRDA:2343,354,0,2366
BRDA:2343,354,1,770
BRDA:2343,354,2,117
BRDA:2357,355,0,328
BRDA:2357,355,1,258
BRDA:2370,356,0,0
BRDA:2370,356,1,77
BRDA:2370,356,2,91
BRDA:2370,356,3,32
BRDA:2370,356,4,35
BRDA:2370,356,5,0
BRDA:2370,356,6,0
BRDA:2400,357,0,77
BRDA:2400,357,1,14
BRDA:2400,358,0,91
BRDA:2400,358,1,90
BRDA:2402,359,0,0
BRDA:2402,359,1,77
BRDA:2416,360,0,92
BRDA:2416,360,1,4
BRDA:2428,361,0,2
BRDA:2428,361,1,4
BRDA:2428,361,2,57
BRDA:2428,361,3,35
BRDA:2428,361,4,0
BRDA:2434,362,0,8
BRDA:2434,362,1,49
BRDA:2437,363,0,3
BRDA:2437,363,1,5
BRDA:2437,364,0,8
BRDA:2437,364,1,3
BRDA:2440,365,0,11
BRDA:2440,365,1,0
BRDA:2441,366,0,11
BRDA:2441,366,1,6
BRDA:2457,367,0,32
BRDA:2457,367,1,32
BRDA:2458,368,0,32
BRDA:2458,368,1,0
BRDA:2494,369,0,10
BRDA:2494,369,1,21
BRDA:2495,370,0,5
BRDA:2495,370,1,4
BRDA:2495,370,2,1
BRDA:2512,371,0,0
BRDA:2512,371,1,11
BRDA:2533,372,0,0
BRDA:2533,372,1,32
BRDA:2540,373,0,0
BRDA:2540,373,1,20
BRDA:2556,374,0,176
BRDA:2556,374,1,0
BRDA:2568,375,0,5
BRDA:2568,375,1,172
BRDA:2575,376,0,3
BRDA:2575,376,1,5
BRDA:2592,377,0,2
BRDA:2592,377,1,233
BRDA:2593,378,0,0
BRDA:2593,378,1,2
BRDA:2604,379,0,1
BRDA:2604,379,1,236
BRDA:2620,380,0,2
BRDA:2620,380,1,237
BRDA:2632,381,0,1
BRDA:2632,381,1,239
BRDA:2646,382,0,4
BRDA:2646,382,1,240
BRDA:2659,383,0,18
BRDA:2659,383,1,244
BRDA:2659,384,0,262
BRDA:2659,384,1,244
BRDA:2670,385,0,9
BRDA:2670,385,1,262
BRDA:2682,386,0,3
BRDA:2682,386,1,271
BRDA:2691,387,0,11
BRDA:2691,387,1,263
BRDA:2710,388,0,6
BRDA:2710,388,1,285
BRDA:2727,389,0,285
BRDA:2727,389,1,38
BRDA:2730,390,0,158
BRDA:2730,390,1,127
BRDA:2732,391,0,0
BRDA:2732,391,1,158
BRDA:2741,392,0,11
BRDA:2741,392,1,116
BRDA:2751,393,0,0
BRDA:2751,393,1,38
BRDA:2751,394,0,38
BRDA:2751,394,1,24
BRDA:2754,395,0,25
BRDA:2754,395,1,13
BRDA:2754,396,0,38
BRDA:2754,396,1,25
BRDA:2758,397,0,38
BRDA:2758,397,1,285
BRDA:2759,398,0,24
BRDA:2759,398,1,2
BRDA:2759,398,2,12
BRDA:2774,399,0,9
BRDA:2774,399,1,3
BRDA:2779,400,0,144
BRDA:2779,400,1,141
BRDA:2779,401,0,285
BRDA:2779,401,1,144
BRDA:2781,402,0,158
BRDA:2781,402,1,127
BRDA:2789,403,0,15
BRDA:2789,403,1,12
BRDA:2792,404,0,17
BRDA:2792,404,1,3
BRDA:2810,405,0,7
BRDA:2810,405,1,5
BRDA:2810,405,2,1
BRDA:2810,405,3,1
BRDA:2810,405,4,93
BRDA:2810,405,5,178
BRDA:2810,405,6,0
BRDA:2826,406,0,20
BRDA:2826,406,1,158
BRDA:2855,407,0,9
BRDA:2855,407,1,7
BRDA:2855,408,0,16
BRDA:2855,408,1,10
BRDA:2867,409,0,16
BRDA:2867,409,1,5
BRDA:2907,410,0,1
BRDA:2907,410,1,0
BRDA:2923,411,0,110
BRDA:2923,411,1,0
BRDA:2925,412,0,4
BRDA:2925,412,1,106
BRDA:2925,413,0,110
BRDA:2925,413,1,57
BRDA:2925,413,2,34
BRDA:2932,414,0,34
BRDA:2932,414,1,8
BRDA:2934,415,0,34
BRDA:2934,415,1,34
BRDA:2934,415,2,3
BRDA:2935,416,0,3
BRDA:2935,416,1,31
BRDA:2954,417,0,27
BRDA:2954,417,1,4
BRDA:2969,418,0,1
BRDA:2969,418,1,8
BRDA:2984,419,0,0
BRDA:2984,419,1,0
BRDA:2986,420,0,0
BRDA:2986,420,1,0
BRDA:2999,421,0,0
BRDA:2999,421,1,0
BRDA:3028,422,0,0
BRDA:3028,422,1,0
BRDA:3055,423,0,1
BRDA:3055,423,1,121
BRDA:3060,424,0,121
BRDA:3060,424,1,69
BRDA:3061,425,0,121
BRDA:3061,425,1,78
BRDA:3067,426,0,17
BRDA:3067,426,1,107
BRDA:3068,427,0,65
BRDA:3068,427,1,42
BRDA:3072,428,0,42
BRDA:3072,428,1,65
BRDA:3073,429,0,1
BRDA:3073,429,1,41
BRDA:3078,430,0,41
BRDA:3078,430,1,0
BRDA:3089,431,0,0
BRDA:3089,431,1,596
BRDA:3090,432,0,167
BRDA:3090,432,1,429
BRDA:3092,433,0,167
BRDA:3092,433,1,167
BRDA:3099,434,0,499
BRDA:3099,434,1,97
BRDA:3099,435,0,596
BRDA:3099,435,1,374
BRDA:3113,436,0,0
BRDA:3113,436,1,5
BRDA:3118,437,0,1
BRDA:3118,437,1,2
BRDA:3134,438,0,42
BRDA:3134,438,1,481
BRDA:3135,439,0,121
BRDA:3135,439,1,360
BRDA:3136,440,0,103
BRDA:3136,440,1,257
BRDA:3137,441,0,80
BRDA:3137,441,1,177
BRDA:3138,442,0,177
BRDA:3138,442,1,0
BRDA:3139,443,0,151
BRDA:3139,443,1,26
BRDA:3155,444,0,18
BRDA:3155,444,1,57
BRDA:3156,445,0,7
BRDA:3156,445,1,50
BRDA:3158,446,0,25
BRDA:3158,446,1,25
BRDA:3158,447,0,50
BRDA:3158,447,1,25
BRDA:3159,448,0,25
BRDA:3159,448,1,0
BRDA:3164,449,0,0
BRDA:3164,449,1,448
BRDA:3165,450,0,187
BRDA:3165,450,1,261
BRDA:3171,451,0,160
BRDA:3171,451,1,288
BRDA:3172,452,0,101
BRDA:3172,452,1,187
BRDA:3173,453,0,0
BRDA:3173,453,1,187
BRDA:3173,454,0,187
BRDA:3173,454,1,0
BRDA:3196,455,0,0
BRDA:3196,455,1,4
BRDA:3200,456,0,14
BRDA:3200,456,1,0
BRDA:3202,457,0,10
BRDA:3202,457,1,4
BRDA:3214,458,0,0
BRDA:3214,458,1,0
BRDA:3217,459,0,0
BRDA:3217,459,1,0
BRDA:3229,460,0,0
BRDA:3229,460,1,1
BRDA:3232,461,0,1
BRDA:3232,461,1,1
BRDA:3274,462,0,12
BRDA:3274,462,1,7
BRDA:3274,463,0,12
BRDA:3274,463,1,0
BRDA:3275,464,0,2
BRDA:3275,464,1,5
BRDA:3276,465,0,0
BRDA:3276,465,1,19
BRDA:3278,466,0,17
BRDA:3278,466,1,2
BRDA:3279,467,0,2
BRDA:3279,467,1,0
BRDA:3293,468,0,0
BRDA:3293,468,1,7
BRDA:3296,469,0,6
BRDA:3296,469,1,15
BRDA:3310,470,0,4
BRDA:3310,470,1,1
BRDA:3325,471,0,0
BRDA:3325,471,1,10
BRDA:3326,472,0,6
BRDA:3326,472,1,4
BRDA:3326,473,0,0
BRDA:3326,473,1,6
BRDA:3332,474,0,0
BRDA:3332,474,1,0
BRDA:3332,475,0,0
BRDA:3332,475,1,0
BRDA:3348,476,0,6
BRDA:3348,476,1,0
BRDA:3348,477,0,6
BRDA:3348,477,1,6
BRDA:3357,478,0,4
BRDA:3357,478,1,2
BRDA:3362,479,0,6
BRDA:3362,479,1,0
BRDA:3362,480,0,6
BRDA:3362,480,1,6
BRDA:3380,481,0,0
BRDA:3380,481,1,5
BRDA:3391,482,0,4
BRDA:3391,482,1,0
BRDA:3394,483,0,4
BRDA:3394,483,1,0
BRDA:3400,484,0,4
BRDA:3400,484,1,0
BRDA:3411,485,0,0
BRDA:3411,485,1,4
BRDA:3412,486,0,2
BRDA:3412,486,1,2
BRDA:3423,487,0,4
BRDA:3423,487,1,0
BRDA:3425,488,0,4
BRDA:3425,488,1,0
BRDA:3426,489,0,1
BRDA:3426,489,1,3
BRDA:3431,490,0,4
BRDA:3431,490,1,0
BRDA:3448,491,0,0
BRDA:3448,491,1,0
BRDA:3461,492,0,4
BRDA:3461,492,1,3
BRDA:3471,493,0,0
BRDA:3471,493,1,0
BRDA:3471,494,0,0
BRDA:3471,494,1,0
BRDA:3479,495,0,0
BRDA:3479,495,1,0
BRDA:3479,496,0,0
BRDA:3479,496,1,0
BRDA:3479,496,2,0
BRDA:3485,497,0,0
BRDA:3485,497,1,0
BRDA:3490,498,0,0
BRDA:3490,498,1,0
BRDA:3514,499,0,0
BRDA:3514,499,1,0
BRDA:3527,500,0,0
BRDA:3527,500,1,0
BRF:1037
BRH:699
end_of_record
