{
"/home/code/terminator/src/parser/Lexer.js":{"path":"/home/code/terminator/src/parser/Lexer.js","s":{"1":1,"2":1,"3":5,"4":29,"5":1,"6":0,"7":0,"8":1,"9":17,"10":17,"11":17,"12":1,"13":1,"14":0,"15":0,"16":0,"17":0,"18":0,"19":0,"20":0,"21":1,"22":17,"23":17,"24":17,"25":17,"26":17,"27":221,"28":221,"29":221,"30":221,"31":0,"32":0,"33":221,"34":221,"35":221,"36":157,"37":221,"38":221,"39":17,"40":17,"41":1,"42":0,"43":0,"44":0,"45":0,"46":0,"47":0,"48":0,"49":0,"50":1,"51":0,"52":1,"53":221,"54":221,"55":658,"56":658,"57":221,"58":211,"59":211,"60":157,"61":221,"62":221,"63":1,"64":1,"65":68,"66":68,"67":1,"68":221,"69":221,"70":1,"71":68,"72":1,"73":1,"74":2,"75":2,"76":32,"77":32,"78":32,"79":2,"80":1,"81":2,"82":2,"83":5,"84":5,"85":5,"86":5,"87":5,"88":32,"89":32,"90":32,"91":32,"92":5,"93":0,"94":0,"95":0,"96":5,"97":32,"98":26,"99":32,"100":22,"101":32,"102":32,"103":32,"104":32,"105":5,"106":2,"107":1,"108":33,"109":33,"110":7,"111":13,"112":13,"113":5,"114":22,"115":22,"116":2,"117":11,"118":11,"119":11,"120":0,"121":13,"122":11,"123":13,"124":20,"125":33,"126":33,"127":13,"128":13,"129":13,"130":13,"131":0,"132":0,"133":0,"134":0,"135":0,"136":1,"137":1,"138":1,"139":13,"140":13,"141":1},"b":{"1":[17,0],"2":[17,3],"3":[11,6],"4":[0,0,0,0,0,0],"5":[17,17],"6":[0,221],"7":[157,64],"8":[0,0],"9":[221,437],"10":[211,10],"11":[157,54],"12":[32,6],"13":[32,5],"14":[5,27],"15":[0,5],"16":[26,6],"17":[13,9],"18":[7,26],"19":[5,8],"20":[2,20],"21":[11,2],"22":[0,0],"23":[0,0],"24":[0,0]},"f":{"1":5,"2":29,"3":0,"4":0,"5":17,"6":0,"7":17,"8":0,"9":0,"10":221,"11":0,"12":68,"13":221,"14":68,"15":2,"16":2,"17":22,"18":33,"19":13,"20":22,"21":11,"22":11,"23":0,"24":13,"25":20,"26":33,"27":13,"28":13,"29":0,"30":0,"31":0,"32":13,"33":13},"fnMap":{"1":{"name":"wrapHander","line":3,"loc":{"start":{"line":3,"column":0},"end":{"line":3,"column":28}}},"2":{"name":"(anonymous_2)","line":4,"loc":{"start":{"line":4,"column":9},"end":{"line":4,"column":22}}},"3":{"name":"wrapKeyValue","line":8,"loc":{"start":{"line":8,"column":0},"end":{"line":8,"column":31}}},"4":{"name":"(anonymous_4)","line":9,"loc":{"start":{"line":9,"column":9},"end":{"line":9,"column":19}}},"5":{"name":"Lexer","line":15,"loc":{"start":{"line":15,"column":0},"end":{"line":15,"column":27}}},"6":{"name":"(anonymous_6)","line":23,"loc":{"start":{"line":23,"column":15},"end":{"line":23,"column":28}}},"7":{"name":"(anonymous_7)","line":34,"loc":{"start":{"line":34,"column":9},"end":{"line":34,"column":22}}},"8":{"name":"(anonymous_8)","line":66,"loc":{"start":{"line":66,"column":10},"end":{"line":66,"column":20}}},"9":{"name":"(anonymous_9)","line":77,"loc":{"start":{"line":77,"column":11},"end":{"line":77,"column":24}}},"10":{"name":"(anonymous_10)","line":81,"loc":{"start":{"line":81,"column":14},"end":{"line":81,"column":35}}},"11":{"name":"(anonymous_11)","line":99,"loc":{"start":{"line":99,"column":13},"end":{"line":99,"column":36}}},"12":{"name":"(anonymous_12)","line":106,"loc":{"start":{"line":106,"column":11},"end":{"line":106,"column":26}}},"13":{"name":"(anonymous_13)","line":117,"loc":{"start":{"line":117,"column":11},"end":{"line":117,"column":21}}},"14":{"name":"(anonymous_14)","line":126,"loc":{"start":{"line":126,"column":11},"end":{"line":126,"column":21}}},"15":{"name":"genMap","line":141,"loc":{"start":{"line":141,"column":0},"end":{"line":141,"column":22}}},"16":{"name":"setup","line":151,"loc":{"start":{"line":151,"column":0},"end":{"line":151,"column":19}}},"17":{"name":"(anonymous_17)","line":177,"loc":{"start":{"line":177,"column":38},"end":{"line":177,"column":56}}},"18":{"name":"(anonymous_18)","line":200,"loc":{"start":{"line":200,"column":40},"end":{"line":200,"column":57}}},"19":{"name":"(anonymous_19)","line":206,"loc":{"start":{"line":206,"column":39},"end":{"line":206,"column":56}}},"20":{"name":"(anonymous_20)","line":211,"loc":{"start":{"line":211,"column":34},"end":{"line":211,"column":47}}},"21":{"name":"(anonymous_21)","line":222,"loc":{"start":{"line":222,"column":29},"end":{"line":222,"column":47}}},"22":{"name":"(anonymous_22)","line":225,"loc":{"start":{"line":225,"column":40},"end":{"line":225,"column":58}}},"23":{"name":"(anonymous_23)","line":231,"loc":{"start":{"line":231,"column":33},"end":{"line":231,"column":50}}},"24":{"name":"(anonymous_24)","line":236,"loc":{"start":{"line":236,"column":26},"end":{"line":236,"column":39}}},"25":{"name":"(anonymous_25)","line":247,"loc":{"start":{"line":247,"column":36},"end":{"line":247,"column":55}}},"26":{"name":"(anonymous_26)","line":253,"loc":{"start":{"line":253,"column":23},"end":{"line":253,"column":33}}},"27":{"name":"(anonymous_27)","line":257,"loc":{"start":{"line":257,"column":34},"end":{"line":257,"column":47}}},"28":{"name":"(anonymous_28)","line":265,"loc":{"start":{"line":265,"column":50},"end":{"line":265,"column":68}}},"29":{"name":"(anonymous_29)","line":277,"loc":{"start":{"line":277,"column":86},"end":{"line":277,"column":99}}},"30":{"name":"(anonymous_30)","line":281,"loc":{"start":{"line":281,"column":40},"end":{"line":281,"column":63}}},"31":{"name":"(anonymous_31)","line":284,"loc":{"start":{"line":284,"column":40},"end":{"line":284,"column":53}}},"32":{"name":"escapeRegExp","line":337,"loc":{"start":{"line":337,"column":0},"end":{"line":337,"column":29}}},"33":{"name":"(anonymous_33)","line":338,"loc":{"start":{"line":338,"column":52},"end":{"line":338,"column":67}}}},"statementMap":{"1":{"start":{"line":1,"column":0},"end":{"line":1,"column":30}},"2":{"start":{"line":3,"column":0},"end":{"line":7,"column":1}},"3":{"start":{"line":4,"column":2},"end":{"line":7,"column":0}},"4":{"start":{"line":5,"column":4},"end":{"line":6,"column":2}},"5":{"start":{"line":8,"column":0},"end":{"line":12,"column":1}},"6":{"start":{"line":9,"column":2},"end":{"line":12,"column":0}},"7":{"start":{"line":10,"column":4},"end":{"line":11,"column":2}},"8":{"start":{"line":15,"column":0},"end":{"line":19,"column":1}},"9":{"start":{"line":16,"column":2},"end":{"line":16,"column":34}},"10":{"start":{"line":17,"column":2},"end":{"line":17,"column":25}},"11":{"start":{"line":18,"column":2},"end":{"line":18,"column":46}},"12":{"start":{"line":21,"column":0},"end":{"line":23,"column":0}},"13":{"start":{"line":23,"column":0},"end":{"line":34,"column":0}},"14":{"start":{"line":24,"column":2},"end":{"line":24,"column":32}},"15":{"start":{"line":25,"column":2},"end":{"line":25,"column":31}},"16":{"start":{"line":26,"column":2},"end":{"line":29,"column":3}},"17":{"start":{"line":27,"column":4},"end":{"line":27,"column":12}},"18":{"start":{"line":28,"column":4},"end":{"line":28,"column":33}},"19":{"start":{"line":30,"column":2},"end":{"line":30,"column":22}},"20":{"start":{"line":31,"column":2},"end":{"line":31,"column":26}},"21":{"start":{"line":34,"column":0},"end":{"line":66,"column":0}},"22":{"start":{"line":35,"column":2},"end":{"line":35,"column":33}},"23":{"start":{"line":36,"column":2},"end":{"line":37,"column":42}},"24":{"start":{"line":39,"column":2},"end":{"line":39,"column":15}},"25":{"start":{"line":41,"column":2},"end":{"line":42,"column":2}},"26":{"start":{"line":42,"column":2},"end":{"line":57,"column":3}},"27":{"start":{"line":44,"column":4},"end":{"line":44,"column":25}},"28":{"start":{"line":45,"column":4},"end":{"line":46,"column":4}},"29":{"start":{"line":46,"column":4},"end":{"line":46,"column":33}},"30":{"start":{"line":47,"column":4},"end":{"line":50,"column":5}},"31":{"start":{"line":48,"column":6},"end":{"line":49,"column":7}},"32":{"start":{"line":49,"column":7},"end":{"line":49,"column":41}},"33":{"start":{"line":51,"column":4},"end":{"line":51,"column":26}},"34":{"start":{"line":52,"column":4},"end":{"line":53,"column":4}},"35":{"start":{"line":53,"column":4},"end":{"line":54,"column":4}},"36":{"start":{"line":53,"column":14},"end":{"line":54,"column":4}},"37":{"start":{"line":54,"column":4},"end":{"line":54,"column":23}},"38":{"start":{"line":55,"column":4},"end":{"line":57,"column":2}},"39":{"start":{"line":59,"column":2},"end":{"line":61,"column":5}},"40":{"start":{"line":63,"column":2},"end":{"line":63,"column":16}},"41":{"start":{"line":66,"column":0},"end":{"line":77,"column":0}},"42":{"start":{"line":68,"column":2},"end":{"line":69,"column":2}},"43":{"start":{"line":69,"column":2},"end":{"line":69,"column":35}},"44":{"start":{"line":70,"column":2},"end":{"line":70,"column":46}},"45":{"start":{"line":70,"column":12},"end":{"line":70,"column":46}},"46":{"start":{"line":71,"column":2},"end":{"line":71,"column":28}},"47":{"start":{"line":72,"column":2},"end":{"line":73,"column":2}},"48":{"start":{"line":73,"column":2},"end":{"line":74,"column":2}},"49":{"start":{"line":74,"column":2},"end":{"line":74,"column":15}},"50":{"start":{"line":77,"column":0},"end":{"line":81,"column":0}},"51":{"start":{"line":78,"column":4},"end":{"line":78,"column":83}},"52":{"start":{"line":81,"column":0},"end":{"line":99,"column":0}},"53":{"start":{"line":82,"column":2},"end":{"line":82,"column":24}},"54":{"start":{"line":84,"column":2},"end":{"line":95,"column":3}},"55":{"start":{"line":85,"column":4},"end":{"line":87,"column":22}},"56":{"start":{"line":88,"column":4},"end":{"line":94,"column":5}},"57":{"start":{"line":89,"column":6},"end":{"line":92,"column":7}},"58":{"start":{"line":90,"column":8},"end":{"line":91,"column":8}},"59":{"start":{"line":91,"column":8},"end":{"line":91,"column":42}},"60":{"start":{"line":91,"column":19},"end":{"line":91,"column":42}},"61":{"start":{"line":93,"column":6},"end":{"line":93,"column":12}},"62":{"start":{"line":96,"column":2},"end":{"line":96,"column":15}},"63":{"start":{"line":99,"column":0},"end":{"line":106,"column":0}},"64":{"start":{"line":106,"column":0},"end":{"line":117,"column":0}},"65":{"start":{"line":109,"column":2},"end":{"line":110,"column":2}},"66":{"start":{"line":110,"column":2},"end":{"line":110,"column":14}},"67":{"start":{"line":117,"column":0},"end":{"line":126,"column":0}},"68":{"start":{"line":118,"column":2},"end":{"line":118,"column":27}},"69":{"start":{"line":119,"column":2},"end":{"line":119,"column":33}},"70":{"start":{"line":126,"column":0},"end":{"line":130,"column":0}},"71":{"start":{"line":127,"column":2},"end":{"line":127,"column":20}},"72":{"start":{"line":130,"column":0},"end":{"line":141,"column":0}},"73":{"start":{"line":141,"column":0},"end":{"line":149,"column":1}},"74":{"start":{"line":142,"column":2},"end":{"line":142,"column":27}},"75":{"start":{"line":143,"column":2},"end":{"line":147,"column":3}},"76":{"start":{"line":144,"column":4},"end":{"line":144,"column":20}},"77":{"start":{"line":145,"column":4},"end":{"line":145,"column":29}},"78":{"start":{"line":146,"column":4},"end":{"line":146,"column":73}},"79":{"start":{"line":148,"column":2},"end":{"line":148,"column":20}},"80":{"start":{"line":151,"column":0},"end":{"line":188,"column":1}},"81":{"start":{"line":152,"column":2},"end":{"line":152,"column":49}},"82":{"start":{"line":154,"column":2},"end":{"line":186,"column":3}},"83":{"start":{"line":156,"column":4},"end":{"line":156,"column":19}},"84":{"start":{"line":157,"column":4},"end":{"line":157,"column":23}},"85":{"start":{"line":158,"column":4},"end":{"line":158,"column":24}},"86":{"start":{"line":159,"column":4},"end":{"line":159,"column":16}},"87":{"start":{"line":161,"column":4},"end":{"line":184,"column":5}},"88":{"start":{"line":162,"column":6},"end":{"line":162,"column":22}},"89":{"start":{"line":163,"column":6},"end":{"line":163,"column":20}},"90":{"start":{"line":164,"column":6},"end":{"line":164,"column":24}},"91":{"start":{"line":166,"column":6},"end":{"line":174,"column":7}},"92":{"start":{"line":167,"column":8},"end":{"line":173,"column":9}},"93":{"start":{"line":168,"column":10},"end":{"line":168,"column":39}},"94":{"start":{"line":169,"column":10},"end":{"line":170,"column":10}},"95":{"start":{"line":170,"column":10},"end":{"line":170,"column":45}},"96":{"start":{"line":172,"column":10},"end":{"line":172,"column":40}},"97":{"start":{"line":175,"column":6},"end":{"line":175,"column":70}},"98":{"start":{"line":175,"column":36},"end":{"line":175,"column":70}},"99":{"start":{"line":177,"column":6},"end":{"line":180,"column":6}},"100":{"start":{"line":178,"column":8},"end":{"line":178,"column":103}},"101":{"start":{"line":180,"column":6},"end":{"line":180,"column":41}},"102":{"start":{"line":181,"column":6},"end":{"line":181,"column":58}},"103":{"start":{"line":182,"column":6},"end":{"line":182,"column":31}},"104":{"start":{"line":183,"column":6},"end":{"line":183,"column":23}},"105":{"start":{"line":185,"column":4},"end":{"line":186,"column":2}},"106":{"start":{"line":187,"column":2},"end":{"line":187,"column":13}},"107":{"start":{"line":193,"column":0},"end":{"line":291,"column":0}},"108":{"start":{"line":201,"column":4},"end":{"line":201,"column":22}},"109":{"start":{"line":202,"column":4},"end":{"line":203,"column":2}},"110":{"start":{"line":202,"column":12},"end":{"line":203,"column":2}},"111":{"start":{"line":207,"column":4},"end":{"line":207,"column":22}},"112":{"start":{"line":208,"column":4},"end":{"line":209,"column":2}},"113":{"start":{"line":208,"column":12},"end":{"line":209,"column":2}},"114":{"start":{"line":212,"column":4},"end":{"line":212,"column":22}},"115":{"start":{"line":213,"column":4},"end":{"line":214,"column":2}},"116":{"start":{"line":213,"column":12},"end":{"line":214,"column":2}},"117":{"start":{"line":223,"column":4},"end":{"line":224,"column":2}},"118":{"start":{"line":226,"column":4},"end":{"line":226,"column":17}},"119":{"start":{"line":227,"column":4},"end":{"line":228,"column":2}},"120":{"start":{"line":232,"column":4},"end":{"line":232,"column":22}},"121":{"start":{"line":237,"column":4},"end":{"line":237,"column":33}},"122":{"start":{"line":237,"column":20},"end":{"line":237,"column":33}},"123":{"start":{"line":238,"column":4},"end":{"line":239,"column":2}},"124":{"start":{"line":248,"column":4},"end":{"line":252,"column":2}},"125":{"start":{"line":254,"column":4},"end":{"line":254,"column":22}},"126":{"start":{"line":255,"column":4},"end":{"line":256,"column":2}},"127":{"start":{"line":258,"column":4},"end":{"line":258,"column":28}},"128":{"start":{"line":259,"column":4},"end":{"line":263,"column":2}},"129":{"start":{"line":266,"column":4},"end":{"line":266,"column":22}},"130":{"start":{"line":267,"column":4},"end":{"line":271,"column":2}},"131":{"start":{"line":278,"column":4},"end":{"line":279,"column":2}},"132":{"start":{"line":282,"column":4},"end":{"line":283,"column":2}},"133":{"start":{"line":285,"column":4},"end":{"line":285,"column":14}},"134":{"start":{"line":286,"column":4},"end":{"line":287,"column":2}},"135":{"start":{"line":286,"column":70},"end":{"line":287,"column":2}},"136":{"start":{"line":291,"column":0},"end":{"line":320,"column":0}},"137":{"start":{"line":320,"column":0},"end":{"line":337,"column":0}},"138":{"start":{"line":337,"column":0},"end":{"line":341,"column":1}},"139":{"start":{"line":338,"column":2},"end":{"line":340,"column":5}},"140":{"start":{"line":339,"column":4},"end":{"line":339,"column":24}},"141":{"start":{"line":344,"column":0},"end":{"line":344,"column":23}}},"branchMap":{"1":{"line":16,"type":"binary-expr","locations":[{"start":{"line":16,"column":16},"end":{"line":16,"column":21}},{"start":{"line":16,"column":23},"end":{"line":16,"column":25}}]},"2":{"line":17,"type":"binary-expr","locations":[{"start":{"line":17,"column":14},"end":{"line":17,"column":18}},{"start":{"line":17,"column":22},"end":{"line":17,"column":24}}]},"3":{"line":18,"type":"cond-expr","locations":[{"start":{"line":18,"column":35},"end":{"line":18,"column":39}},{"start":{"line":18,"column":41},"end":{"line":18,"column":45}}]},"4":{"line":26,"type":"binary-expr","locations":[{"start":{"line":26,"column":9},"end":{"line":26,"column":11}},{"start":{"line":26,"column":16},"end":{"line":26,"column":23}},{"start":{"line":26,"column":27},"end":{"line":26,"column":34}},{"start":{"line":26,"column":38},"end":{"line":26,"column":47}},{"start":{"line":26,"column":51},"end":{"line":26,"column":62}},{"start":{"line":26,"column":66},"end":{"line":26,"column":77}}]},"5":{"line":35,"type":"binary-expr","locations":[{"start":{"line":35,"column":9},"end":{"line":35,"column":12}},{"start":{"line":35,"column":14},"end":{"line":35,"column":24}}]},"6":{"line":47,"type":"if","locations":[{"start":{"line":47,"column":4},"end":{"line":47,"column":4}},{"start":{"line":47,"column":4},"end":{"line":47,"column":4}}]},"7":{"line":53,"type":"if","locations":[{"start":{"line":53,"column":4},"end":{"line":53,"column":4}},{"start":{"line":53,"column":4},"end":{"line":53,"column":4}}]},"8":{"line":70,"type":"if","locations":[{"start":{"line":70,"column":2},"end":{"line":70,"column":2}},{"start":{"line":70,"column":2},"end":{"line":70,"column":2}}]},"9":{"line":88,"type":"if","locations":[{"start":{"line":88,"column":4},"end":{"line":88,"column":4}},{"start":{"line":88,"column":4},"end":{"line":88,"column":4}}]},"10":{"line":89,"type":"if","locations":[{"start":{"line":89,"column":6},"end":{"line":89,"column":6}},{"start":{"line":89,"column":6},"end":{"line":89,"column":6}}]},"11":{"line":91,"type":"if","locations":[{"start":{"line":91,"column":8},"end":{"line":91,"column":8}},{"start":{"line":91,"column":8},"end":{"line":91,"column":8}}]},"12":{"line":145,"type":"binary-expr","locations":[{"start":{"line":145,"column":11},"end":{"line":145,"column":18}},{"start":{"line":145,"column":22},"end":{"line":145,"column":28}}]},"13":{"line":146,"type":"binary-expr","locations":[{"start":{"line":146,"column":6},"end":{"line":146,"column":15}},{"start":{"line":146,"column":20},"end":{"line":146,"column":52}}]},"14":{"line":166,"type":"if","locations":[{"start":{"line":166,"column":6},"end":{"line":166,"column":6}},{"start":{"line":166,"column":6},"end":{"line":166,"column":6}}]},"15":{"line":167,"type":"if","locations":[{"start":{"line":167,"column":8},"end":{"line":167,"column":8}},{"start":{"line":167,"column":8},"end":{"line":167,"column":8}}]},"16":{"line":175,"type":"if","locations":[{"start":{"line":175,"column":6},"end":{"line":175,"column":6}},{"start":{"line":175,"column":6},"end":{"line":175,"column":6}}]},"17":{"line":178,"type":"cond-expr","locations":[{"start":{"line":178,"column":46},"end":{"line":178,"column":70}},{"start":{"line":178,"column":72},"end":{"line":178,"column":102}}]},"18":{"line":202,"type":"if","locations":[{"start":{"line":202,"column":4},"end":{"line":202,"column":4}},{"start":{"line":202,"column":4},"end":{"line":202,"column":4}}]},"19":{"line":208,"type":"if","locations":[{"start":{"line":208,"column":4},"end":{"line":208,"column":4}},{"start":{"line":208,"column":4},"end":{"line":208,"column":4}}]},"20":{"line":213,"type":"if","locations":[{"start":{"line":213,"column":4},"end":{"line":213,"column":4}},{"start":{"line":213,"column":4},"end":{"line":213,"column":4}}]},"21":{"line":237,"type":"if","locations":[{"start":{"line":237,"column":4},"end":{"line":237,"column":4}},{"start":{"line":237,"column":4},"end":{"line":237,"column":4}}]},"22":{"line":282,"type":"binary-expr","locations":[{"start":{"line":282,"column":35},"end":{"line":282,"column":38}},{"start":{"line":282,"column":42},"end":{"line":282,"column":45}}]},"23":{"line":286,"type":"if","locations":[{"start":{"line":286,"column":4},"end":{"line":286,"column":4}},{"start":{"line":286,"column":4},"end":{"line":286,"column":4}}]},"24":{"line":286,"type":"binary-expr","locations":[{"start":{"line":286,"column":7},"end":{"line":286,"column":48}},{"start":{"line":286,"column":52},"end":{"line":286,"column":67}}]}},"l":{"1":1,"3":1,"4":5,"5":29,"8":1,"9":0,"10":0,"15":1,"16":17,"17":17,"18":17,"21":1,"23":1,"24":0,"25":0,"26":0,"27":0,"28":0,"30":0,"31":0,"34":1,"35":17,"36":17,"39":17,"41":17,"42":17,"44":221,"45":221,"46":221,"47":221,"48":0,"49":0,"51":221,"52":221,"53":221,"54":221,"55":221,"59":17,"63":17,"66":1,"68":0,"69":0,"70":0,"71":0,"72":0,"73":0,"74":0,"77":1,"78":0,"81":1,"82":221,"84":221,"85":658,"88":658,"89":221,"90":211,"91":211,"93":221,"96":221,"99":1,"106":1,"109":68,"110":68,"117":1,"118":221,"119":221,"126":1,"127":68,"130":1,"141":1,"142":2,"143":2,"144":32,"145":32,"146":32,"148":2,"151":1,"152":2,"154":2,"156":5,"157":5,"158":5,"159":5,"161":5,"162":32,"163":32,"164":32,"166":32,"167":5,"168":0,"169":0,"170":0,"172":5,"175":32,"177":32,"178":22,"180":32,"181":32,"182":32,"183":32,"185":5,"187":2,"193":1,"201":33,"202":33,"207":13,"208":13,"212":22,"213":22,"223":11,"226":11,"227":11,"232":0,"237":13,"238":13,"248":20,"254":33,"255":33,"258":13,"259":13,"266":13,"267":13,"278":0,"282":0,"285":0,"286":0,"291":1,"320":1,"337":1,"338":13,"339":13,"344":1}},
"/home/code/terminator/src/util.js":{"path":"/home/code/terminator/src/util.js","s":{"1":1,"2":1,"3":1,"4":1,"5":1,"6":0,"7":1,"8":0,"9":1,"10":32,"11":1,"12":0,"13":0,"14":0,"15":0,"16":1,"17":1,"18":5,"19":5,"20":5,"21":5,"22":5,"23":0,"24":0,"25":0,"26":0,"27":5,"28":5,"29":5,"30":5,"31":5,"32":5,"33":5,"34":0,"35":5,"36":5,"37":5,"38":5,"39":1,"40":1,"41":32,"42":32,"43":709,"44":709,"45":709,"46":24,"47":709,"48":24,"49":32,"50":0,"51":32,"52":1,"53":0,"54":0,"55":0},"b":{"1":[0,32],"2":[0,0],"3":[0,0],"4":[0,0],"5":[5,0],"6":[5,0],"7":[0,5],"8":[5,0],"9":[5,0],"10":[709,0],"11":[709,677,96],"12":[24,685],"13":[24,685],"14":[0,32],"15":[0,0]},"f":{"1":1,"2":0,"3":0,"4":32,"5":0,"6":5,"7":32,"8":0},"fnMap":{"1":{"name":"(anonymous_1)","line":4,"loc":{"start":{"line":4,"column":9},"end":{"line":4,"column":19}}},"2":{"name":"(anonymous_2)","line":6,"loc":{"start":{"line":6,"column":9},"end":{"line":6,"column":19}}},"3":{"name":"(anonymous_3)","line":12,"loc":{"start":{"line":12,"column":10},"end":{"line":12,"column":35}}},"4":{"name":"(anonymous_4)","line":16,"loc":{"start":{"line":16,"column":11},"end":{"line":16,"column":24}}},"5":{"name":"(anonymous_5)","line":20,"loc":{"start":{"line":20,"column":11},"end":{"line":20,"column":39}}},"6":{"name":"(anonymous_6)","line":79,"loc":{"start":{"line":79,"column":18},"end":{"line":79,"column":39}}},"7":{"name":"(anonymous_7)","line":111,"loc":{"start":{"line":111,"column":19},"end":{"line":111,"column":37}}},"8":{"name":"(anonymous_8)","line":128,"loc":{"start":{"line":128,"column":11},"end":{"line":128,"column":30}}}},"statementMap":{"1":{"start":{"line":1,"column":0},"end":{"line":1,"column":24}},"2":{"start":{"line":2,"column":0},"end":{"line":2,"column":21}},"3":{"start":{"line":4,"column":0},"end":{"line":9,"column":5}},"4":{"start":{"line":5,"column":2},"end":{"line":5,"column":13}},"5":{"start":{"line":6,"column":2},"end":{"line":9,"column":0}},"6":{"start":{"line":7,"column":4},"end":{"line":7,"column":18}},"7":{"start":{"line":12,"column":0},"end":{"line":16,"column":0}},"8":{"start":{"line":13,"column":2},"end":{"line":13,"column":37}},"9":{"start":{"line":16,"column":0},"end":{"line":20,"column":0}},"10":{"start":{"line":17,"column":2},"end":{"line":17,"column":82}},"11":{"start":{"line":20,"column":0},"end":{"line":78,"column":0}},"12":{"start":{"line":22,"column":2},"end":{"line":26,"column":3}},"13":{"start":{"line":23,"column":4},"end":{"line":25,"column":5}},"14":{"start":{"line":24,"column":6},"end":{"line":25,"column":4}},"15":{"start":{"line":27,"column":2},"end":{"line":27,"column":12}},"16":{"start":{"line":78,"column":0},"end":{"line":79,"column":0}},"17":{"start":{"line":79,"column":0},"end":{"line":110,"column":0}},"18":{"start":{"line":80,"column":2},"end":{"line":80,"column":19}},"19":{"start":{"line":82,"column":2},"end":{"line":82,"column":38}},"20":{"start":{"line":83,"column":2},"end":{"line":83,"column":25}},"21":{"start":{"line":85,"column":2},"end":{"line":85,"column":12}},"22":{"start":{"line":86,"column":2},"end":{"line":93,"column":3}},"23":{"start":{"line":87,"column":4},"end":{"line":92,"column":5}},"24":{"start":{"line":88,"column":6},"end":{"line":88,"column":13}},"25":{"start":{"line":89,"column":6},"end":{"line":89,"column":29}},"26":{"start":{"line":91,"column":6},"end":{"line":92,"column":4}},"27":{"start":{"line":94,"column":2},"end":{"line":94,"column":42}},"28":{"start":{"line":94,"column":20},"end":{"line":94,"column":42}},"29":{"start":{"line":96,"column":2},"end":{"line":96,"column":21}},"30":{"start":{"line":97,"column":2},"end":{"line":97,"column":28}},"31":{"start":{"line":97,"column":17},"end":{"line":97,"column":28}},"32":{"start":{"line":99,"column":2},"end":{"line":99,"column":21}},"33":{"start":{"line":100,"column":2},"end":{"line":100,"column":42}},"34":{"start":{"line":100,"column":24},"end":{"line":100,"column":42}},"35":{"start":{"line":102,"column":2},"end":{"line":102,"column":37}},"36":{"start":{"line":103,"column":2},"end":{"line":104,"column":2}},"37":{"start":{"line":104,"column":2},"end":{"line":104,"column":46}},"38":{"start":{"line":106,"column":2},"end":{"line":106,"column":102}},"39":{"start":{"line":110,"column":0},"end":{"line":110,"column":38}},"40":{"start":{"line":111,"column":0},"end":{"line":125,"column":2}},"41":{"start":{"line":112,"column":2},"end":{"line":115,"column":50}},"42":{"start":{"line":116,"column":2},"end":{"line":122,"column":3}},"43":{"start":{"line":117,"column":4},"end":{"line":117,"column":36}},"44":{"start":{"line":118,"column":4},"end":{"line":121,"column":5}},"45":{"start":{"line":119,"column":6},"end":{"line":119,"column":33}},"46":{"start":{"line":119,"column":26},"end":{"line":119,"column":33}},"47":{"start":{"line":120,"column":6},"end":{"line":120,"column":34}},"48":{"start":{"line":120,"column":26},"end":{"line":120,"column":34}},"49":{"start":{"line":123,"column":2},"end":{"line":124,"column":29}},"50":{"start":{"line":123,"column":22},"end":{"line":123,"column":77}},"51":{"start":{"line":124,"column":7},"end":{"line":124,"column":29}},"52":{"start":{"line":128,"column":0},"end":{"line":132,"column":0}},"53":{"start":{"line":129,"column":2},"end":{"line":129,"column":22}},"54":{"start":{"line":129,"column":12},"end":{"line":129,"column":22}},"55":{"start":{"line":130,"column":2},"end":{"line":130,"column":14}}},"branchMap":{"1":{"line":17,"type":"cond-expr","locations":[{"start":{"line":17,"column":21},"end":{"line":17,"column":30}},{"start":{"line":17,"column":33},"end":{"line":17,"column":81}}]},"2":{"line":23,"type":"if","locations":[{"start":{"line":23,"column":4},"end":{"line":23,"column":4}},{"start":{"line":23,"column":4},"end":{"line":23,"column":4}}]},"3":{"line":23,"type":"binary-expr","locations":[{"start":{"line":23,"column":8},"end":{"line":23,"column":36}},{"start":{"line":23,"column":40},"end":{"line":23,"column":48}}]},"4":{"line":87,"type":"if","locations":[{"start":{"line":87,"column":4},"end":{"line":87,"column":4}},{"start":{"line":87,"column":4},"end":{"line":87,"column":4}}]},"5":{"line":94,"type":"if","locations":[{"start":{"line":94,"column":2},"end":{"line":94,"column":2}},{"start":{"line":94,"column":2},"end":{"line":94,"column":2}}]},"6":{"line":97,"type":"if","locations":[{"start":{"line":97,"column":2},"end":{"line":97,"column":2}},{"start":{"line":97,"column":2},"end":{"line":97,"column":2}}]},"7":{"line":100,"type":"if","locations":[{"start":{"line":100,"column":2},"end":{"line":100,"column":2}},{"start":{"line":100,"column":2},"end":{"line":100,"column":2}}]},"8":{"line":103,"type":"cond-expr","locations":[{"start":{"line":103,"column":43},"end":{"line":103,"column":48}},{"start":{"line":103,"column":51},"end":{"line":103,"column":53}}]},"9":{"line":104,"type":"cond-expr","locations":[{"start":{"line":104,"column":36},"end":{"line":104,"column":41}},{"start":{"line":104,"column":43},"end":{"line":104,"column":45}}]},"10":{"line":118,"type":"if","locations":[{"start":{"line":118,"column":4},"end":{"line":118,"column":4}},{"start":{"line":118,"column":4},"end":{"line":118,"column":4}}]},"11":{"line":118,"type":"binary-expr","locations":[{"start":{"line":118,"column":8},"end":{"line":118,"column":17}},{"start":{"line":118,"column":21},"end":{"line":118,"column":52}},{"start":{"line":118,"column":56},"end":{"line":118,"column":84}}]},"12":{"line":119,"type":"if","locations":[{"start":{"line":119,"column":6},"end":{"line":119,"column":6}},{"start":{"line":119,"column":6},"end":{"line":119,"column":6}}]},"13":{"line":120,"type":"if","locations":[{"start":{"line":120,"column":6},"end":{"line":120,"column":6}},{"start":{"line":120,"column":6},"end":{"line":120,"column":6}}]},"14":{"line":123,"type":"if","locations":[{"start":{"line":123,"column":2},"end":{"line":123,"column":2}},{"start":{"line":123,"column":2},"end":{"line":123,"column":2}}]},"15":{"line":129,"type":"if","locations":[{"start":{"line":129,"column":2},"end":{"line":129,"column":2}},{"start":{"line":129,"column":2},"end":{"line":129,"column":2}}]}},"l":{"1":1,"2":1,"4":1,"5":1,"6":1,"7":0,"12":1,"13":0,"16":1,"17":32,"20":1,"22":0,"23":0,"24":0,"27":0,"78":1,"79":1,"80":5,"82":5,"83":5,"85":5,"86":5,"87":0,"88":0,"89":0,"91":0,"94":5,"96":5,"97":5,"99":5,"100":5,"102":5,"103":5,"104":5,"106":5,"110":1,"111":1,"112":32,"116":32,"117":709,"118":709,"119":709,"120":709,"123":32,"124":32,"128":1,"129":0,"130":0}},
"/home/code/terminator/src/parser/Parser.js":{"path":"/home/code/terminator/src/parser/Parser.js","s":{"1":1,"2":1,"3":1,"4":1,"5":11,"6":11,"7":11,"8":11,"9":11,"10":1,"11":1,"12":11,"13":11,"14":1,"15":233,"16":233,"17":0,"18":233,"19":233,"20":0,"21":233,"22":1,"23":0,"24":1,"25":24,"26":0,"27":0,"28":24,"29":1,"30":5,"31":1,"32":60,"33":60,"34":1,"35":147,"36":147,"37":60,"38":194,"39":0,"40":0,"41":87,"42":33,"43":33,"44":114,"45":1,"46":0,"47":1,"48":14,"49":14,"50":14,"51":9,"52":9,"53":1,"54":0,"55":0,"56":0,"57":0,"58":1,"59":23,"60":23,"61":7,"62":7,"63":7,"64":0,"65":7,"66":3,"67":9,"68":4,"69":0,"70":1,"71":3,"72":3,"73":3,"74":3,"75":3,"76":3,"77":3,"78":3,"79":0,"80":3,"81":1,"82":3,"83":3,"84":2,"85":1,"86":1,"87":2,"88":2,"89":1,"90":2,"91":1,"92":1,"93":1,"94":1,"95":1,"96":0,"97":0,"98":0,"99":1,"100":9,"101":9,"102":9,"103":0,"104":1,"105":4,"106":4,"107":4,"108":4,"109":1,"110":4,"111":4,"112":0,"113":0,"114":0,"115":0,"116":0,"117":0,"118":4,"119":1,"120":7,"121":7,"122":2,"123":2,"124":2,"125":2,"126":2,"127":9,"128":9,"129":2,"130":2,"131":2,"132":2,"133":2,"134":0,"135":0,"136":0,"137":7,"138":2,"139":0,"140":2,"141":1,"142":2,"143":2,"144":2,"145":2,"146":2,"147":2,"148":2,"149":2,"150":2,"151":0,"152":0,"153":2,"154":2,"155":0,"156":2,"157":1,"158":13,"159":1,"160":13,"161":8,"162":0,"163":0,"164":0,"165":0,"166":8,"167":1,"168":13,"169":8,"170":0,"171":8,"172":1,"173":13,"174":8,"175":0,"176":8,"177":1,"178":13,"179":8,"180":0,"181":8,"182":1,"183":13,"184":8,"185":0,"186":8,"187":1,"188":13,"189":8,"190":0,"191":8,"192":1,"193":13,"194":8,"195":0,"196":8,"197":1,"198":13,"199":13,"200":0,"201":13,"202":1,"203":13,"204":8,"205":8,"206":0,"207":0,"208":0,"209":0,"210":0,"211":0,"212":0,"213":0,"214":0,"215":8,"216":1,"217":0,"218":0,"219":0,"220":0,"221":0,"222":0,"223":1,"224":13,"225":13,"226":0,"227":0,"228":0,"229":8,"230":8,"231":0,"232":0,"233":0,"234":0,"235":0,"236":8,"237":0,"238":0,"239":0,"240":5,"241":1,"242":0,"243":0,"244":0,"245":0,"246":0,"247":0,"248":0,"249":0,"250":0,"251":0,"252":0,"253":1,"254":0,"255":0,"256":0,"257":0,"258":0,"259":0,"260":0,"261":0,"262":1,"263":0,"264":0,"265":0,"266":0,"267":1},"b":{"1":[11,8],"2":[233,233],"3":[0,233],"4":[0,233],"5":[0,0],"6":[0,24],"7":[0,0],"8":[0,0],"9":[0,5],"10":[60,60],"11":[60,87],"12":[0,194],"13":[33,54],"14":[87,35,7],"15":[0,0],"16":[23,17],"17":[0,7,3,9,4,0],"18":[3,0],"19":[0,3],"20":[2,1],"21":[1,1],"22":[1,1,0,0],"23":[9,9],"24":[9,0],"25":[0,4],"26":[2,7],"27":[2,0,0],"28":[0,2],"29":[0,2],"30":[0,2],"31":[0,8],"32":[0,8],"33":[0,8],"34":[0,8],"35":[0,8],"36":[8,8],"37":[0,8],"38":[0,8],"39":[0,13],"40":[13,13],"41":[0,8],"42":[0,0,0],"43":[0,0],"44":[0,0],"45":[0,0,0,8,0,0,5],"46":[0,0,0,0,0,8]},"f":{"1":11,"2":11,"3":233,"4":0,"5":24,"6":5,"7":60,"8":147,"9":0,"10":14,"11":0,"12":23,"13":3,"14":3,"15":1,"16":9,"17":4,"18":4,"19":7,"20":2,"21":13,"22":13,"23":13,"24":13,"25":13,"26":13,"27":13,"28":13,"29":13,"30":13,"31":0,"32":13,"33":0,"34":0,"35":0},"fnMap":{"1":{"name":"Parser","line":6,"loc":{"start":{"line":6,"column":0},"end":{"line":6,"column":28}}},"2":{"name":"(anonymous_2)","line":17,"loc":{"start":{"line":17,"column":11},"end":{"line":17,"column":21}}},"3":{"name":"(anonymous_3)","line":23,"loc":{"start":{"line":23,"column":9},"end":{"line":23,"column":20}}},"4":{"name":"(anonymous_4)","line":33,"loc":{"start":{"line":33,"column":8},"end":{"line":33,"column":26}}},"5":{"name":"(anonymous_5)","line":37,"loc":{"start":{"line":37,"column":11},"end":{"line":37,"column":32}}},"6":{"name":"(anonymous_6)","line":48,"loc":{"start":{"line":48,"column":11},"end":{"line":48,"column":29}}},"7":{"name":"(anonymous_7)","line":52,"loc":{"start":{"line":52,"column":10},"end":{"line":52,"column":21}}},"8":{"name":"(anonymous_8)","line":56,"loc":{"start":{"line":56,"column":9},"end":{"line":56,"column":30}}},"9":{"name":"(anonymous_9)","line":75,"loc":{"start":{"line":75,"column":13},"end":{"line":75,"column":28}}},"10":{"name":"(anonymous_10)","line":85,"loc":{"start":{"line":85,"column":13},"end":{"line":85,"column":23}}},"11":{"name":"(anonymous_11)","line":94,"loc":{"start":{"line":94,"column":16},"end":{"line":94,"column":31}}},"12":{"name":"(anonymous_12)","line":106,"loc":{"start":{"line":106,"column":15},"end":{"line":106,"column":25}}},"13":{"name":"(anonymous_13)","line":130,"loc":{"start":{"line":130,"column":9},"end":{"line":130,"column":19}}},"14":{"name":"(anonymous_14)","line":145,"loc":{"start":{"line":145,"column":11},"end":{"line":145,"column":21}}},"15":{"name":"(anonymous_15)","line":161,"loc":{"start":{"line":161,"column":14},"end":{"line":161,"column":24}}},"16":{"name":"(anonymous_16)","line":177,"loc":{"start":{"line":177,"column":15},"end":{"line":177,"column":29}}},"17":{"name":"(anonymous_17)","line":186,"loc":{"start":{"line":186,"column":17},"end":{"line":186,"column":27}}},"18":{"name":"(anonymous_18)","line":194,"loc":{"start":{"line":194,"column":12},"end":{"line":194,"column":22}}},"19":{"name":"(anonymous_19)","line":211,"loc":{"start":{"line":211,"column":8},"end":{"line":211,"column":18}}},"20":{"name":"(anonymous_20)","line":245,"loc":{"start":{"line":245,"column":10},"end":{"line":245,"column":20}}},"21":{"name":"(anonymous_21)","line":272,"loc":{"start":{"line":272,"column":10},"end":{"line":272,"column":20}}},"22":{"name":"(anonymous_22)","line":278,"loc":{"start":{"line":278,"column":15},"end":{"line":278,"column":25}}},"23":{"name":"(anonymous_23)","line":291,"loc":{"start":{"line":291,"column":8},"end":{"line":291,"column":18}}},"24":{"name":"(anonymous_24)","line":300,"loc":{"start":{"line":300,"column":9},"end":{"line":300,"column":19}}},"25":{"name":"(anonymous_25)","line":313,"loc":{"start":{"line":313,"column":11},"end":{"line":313,"column":21}}},"26":{"name":"(anonymous_26)","line":326,"loc":{"start":{"line":326,"column":14},"end":{"line":326,"column":24}}},"27":{"name":"(anonymous_27)","line":338,"loc":{"start":{"line":338,"column":14},"end":{"line":338,"column":24}}},"28":{"name":"(anonymous_28)","line":350,"loc":{"start":{"line":350,"column":13},"end":{"line":350,"column":23}}},"29":{"name":"(anonymous_29)","line":362,"loc":{"start":{"line":362,"column":11},"end":{"line":362,"column":21}}},"30":{"name":"(anonymous_30)","line":377,"loc":{"start":{"line":377,"column":12},"end":{"line":377,"column":28}}},"31":{"name":"(anonymous_31)","line":403,"loc":{"start":{"line":403,"column":15},"end":{"line":403,"column":28}}},"32":{"name":"(anonymous_32)","line":423,"loc":{"start":{"line":423,"column":13},"end":{"line":423,"column":23}}},"33":{"name":"(anonymous_33)","line":471,"loc":{"start":{"line":471,"column":12},"end":{"line":471,"column":22}}},"34":{"name":"(anonymous_34)","line":488,"loc":{"start":{"line":488,"column":11},"end":{"line":488,"column":21}}},"35":{"name":"(anonymous_35)","line":500,"loc":{"start":{"line":500,"column":11},"end":{"line":500,"column":21}}}},"statementMap":{"1":{"start":{"line":1,"column":0},"end":{"line":1,"column":30}},"2":{"start":{"line":2,"column":0},"end":{"line":2,"column":32}},"3":{"start":{"line":3,"column":0},"end":{"line":3,"column":34}},"4":{"start":{"line":6,"column":0},"end":{"line":12,"column":1}},"5":{"start":{"line":7,"column":2},"end":{"line":7,"column":20}},"6":{"start":{"line":8,"column":2},"end":{"line":8,"column":21}},"7":{"start":{"line":9,"column":2},"end":{"line":9,"column":45}},"8":{"start":{"line":10,"column":2},"end":{"line":10,"column":15}},"9":{"start":{"line":11,"column":2},"end":{"line":11,"column":35}},"10":{"start":{"line":14,"column":0},"end":{"line":14,"column":26}},"11":{"start":{"line":17,"column":0},"end":{"line":23,"column":0}},"12":{"start":{"line":18,"column":2},"end":{"line":18,"column":15}},"13":{"start":{"line":19,"column":2},"end":{"line":19,"column":24}},"14":{"start":{"line":23,"column":0},"end":{"line":33,"column":0}},"15":{"start":{"line":24,"column":2},"end":{"line":24,"column":13}},"16":{"start":{"line":25,"column":2},"end":{"line":25,"column":22}},"17":{"start":{"line":25,"column":12},"end":{"line":25,"column":22}},"18":{"start":{"line":26,"column":2},"end":{"line":26,"column":29}},"19":{"start":{"line":27,"column":2},"end":{"line":29,"column":3}},"20":{"start":{"line":28,"column":6},"end":{"line":28,"column":40}},"21":{"start":{"line":30,"column":2},"end":{"line":30,"column":26}},"22":{"start":{"line":33,"column":0},"end":{"line":37,"column":0}},"23":{"start":{"line":34,"column":2},"end":{"line":34,"column":33}},"24":{"start":{"line":37,"column":0},"end":{"line":48,"column":0}},"25":{"start":{"line":38,"column":2},"end":{"line":43,"column":3}},"26":{"start":{"line":39,"column":4},"end":{"line":39,"column":24}},"27":{"start":{"line":40,"column":4},"end":{"line":41,"column":2}},"28":{"start":{"line":42,"column":6},"end":{"line":42,"column":16}},"29":{"start":{"line":48,"column":0},"end":{"line":52,"column":0}},"30":{"start":{"line":49,"column":2},"end":{"line":49,"column":102}},"31":{"start":{"line":52,"column":0},"end":{"line":56,"column":0}},"32":{"start":{"line":53,"column":2},"end":{"line":53,"column":13}},"33":{"start":{"line":54,"column":2},"end":{"line":54,"column":16}},"34":{"start":{"line":56,"column":0},"end":{"line":75,"column":0}},"35":{"start":{"line":57,"column":2},"end":{"line":57,"column":21}},"36":{"start":{"line":58,"column":2},"end":{"line":71,"column":3}},"37":{"start":{"line":59,"column":4},"end":{"line":64,"column":5}},"38":{"start":{"line":60,"column":6},"end":{"line":63,"column":7}},"39":{"start":{"line":61,"column":8},"end":{"line":61,"column":20}},"40":{"start":{"line":62,"column":8},"end":{"line":62,"column":18}},"41":{"start":{"line":66,"column":4},"end":{"line":70,"column":5}},"42":{"start":{"line":68,"column":7},"end":{"line":68,"column":19}},"43":{"start":{"line":69,"column":7},"end":{"line":69,"column":17}},"44":{"start":{"line":72,"column":2},"end":{"line":72,"column":15}},"45":{"start":{"line":75,"column":0},"end":{"line":85,"column":0}},"46":{"start":{"line":76,"column":2},"end":{"line":76,"column":32}},"47":{"start":{"line":85,"column":0},"end":{"line":94,"column":0}},"48":{"start":{"line":86,"column":2},"end":{"line":86,"column":49}},"49":{"start":{"line":87,"column":2},"end":{"line":90,"column":3}},"50":{"start":{"line":88,"column":4},"end":{"line":88,"column":38}},"51":{"start":{"line":89,"column":4},"end":{"line":89,"column":19}},"52":{"start":{"line":91,"column":2},"end":{"line":91,"column":20}},"53":{"start":{"line":94,"column":0},"end":{"line":106,"column":0}},"54":{"start":{"line":95,"column":2},"end":{"line":95,"column":20}},"55":{"start":{"line":96,"column":2},"end":{"line":98,"column":3}},"56":{"start":{"line":97,"column":4},"end":{"line":97,"column":32}},"57":{"start":{"line":99,"column":2},"end":{"line":99,"column":14}},"58":{"start":{"line":106,"column":0},"end":{"line":130,"column":0}},"59":{"start":{"line":107,"column":2},"end":{"line":107,"column":24}},"60":{"start":{"line":108,"column":2},"end":{"line":125,"column":3}},"61":{"start":{"line":111,"column":6},"end":{"line":111,"column":26}},"62":{"start":{"line":112,"column":6},"end":{"line":112,"column":18}},"63":{"start":{"line":113,"column":6},"end":{"line":115,"column":7}},"64":{"start":{"line":114,"column":8},"end":{"line":114,"column":25}},"65":{"start":{"line":116,"column":6},"end":{"line":116,"column":18}},"66":{"start":{"line":118,"column":6},"end":{"line":118,"column":24}},"67":{"start":{"line":120,"column":6},"end":{"line":120,"column":30}},"68":{"start":{"line":122,"column":6},"end":{"line":122,"column":32}},"69":{"start":{"line":124,"column":6},"end":{"line":125,"column":2}},"70":{"start":{"line":130,"column":0},"end":{"line":145,"column":0}},"71":{"start":{"line":131,"column":2},"end":{"line":131,"column":40}},"72":{"start":{"line":132,"column":2},"end":{"line":132,"column":38}},"73":{"start":{"line":133,"column":2},"end":{"line":133,"column":23}},"74":{"start":{"line":134,"column":2},"end":{"line":135,"column":2}},"75":{"start":{"line":135,"column":2},"end":{"line":136,"column":2}},"76":{"start":{"line":136,"column":2},"end":{"line":139,"column":3}},"77":{"start":{"line":137,"column":4},"end":{"line":137,"column":30}},"78":{"start":{"line":138,"column":4},"end":{"line":139,"column":2}},"79":{"start":{"line":138,"column":37},"end":{"line":139,"column":2}},"80":{"start":{"line":140,"column":2},"end":{"line":140,"column":45}},"81":{"start":{"line":145,"column":0},"end":{"line":161,"column":0}},"82":{"start":{"line":146,"column":2},"end":{"line":146,"column":21}},"83":{"start":{"line":147,"column":2},"end":{"line":147,"column":31}},"84":{"start":{"line":147,"column":24},"end":{"line":147,"column":31}},"85":{"start":{"line":148,"column":2},"end":{"line":148,"column":22}},"86":{"start":{"line":150,"column":2},"end":{"line":155,"column":31}},"87":{"start":{"line":151,"column":4},"end":{"line":152,"column":4}},"88":{"start":{"line":152,"column":4},"end":{"line":152,"column":51}},"89":{"start":{"line":152,"column":22},"end":{"line":152,"column":51}},"90":{"start":{"line":153,"column":4},"end":{"line":155,"column":2}},"91":{"start":{"line":161,"column":0},"end":{"line":177,"column":0}},"92":{"start":{"line":162,"column":2},"end":{"line":162,"column":21}},"93":{"start":{"line":163,"column":2},"end":{"line":172,"column":3}},"94":{"start":{"line":166,"column":6},"end":{"line":166,"column":18}},"95":{"start":{"line":167,"column":6},"end":{"line":167,"column":22}},"96":{"start":{"line":169,"column":6},"end":{"line":169,"column":32}},"97":{"start":{"line":171,"column":6},"end":{"line":172,"column":2}},"98":{"start":{"line":173,"column":2},"end":{"line":173,"column":18}},"99":{"start":{"line":177,"column":0},"end":{"line":186,"column":0}},"100":{"start":{"line":178,"column":2},"end":{"line":178,"column":35}},"101":{"start":{"line":179,"column":2},"end":{"line":183,"column":3}},"102":{"start":{"line":180,"column":4},"end":{"line":181,"column":2}},"103":{"start":{"line":182,"column":4},"end":{"line":182,"column":50}},"104":{"start":{"line":186,"column":0},"end":{"line":194,"column":0}},"105":{"start":{"line":187,"column":2},"end":{"line":187,"column":26}},"106":{"start":{"line":188,"column":2},"end":{"line":188,"column":26}},"107":{"start":{"line":189,"column":2},"end":{"line":189,"column":20}},"108":{"start":{"line":190,"column":2},"end":{"line":190,"column":13}},"109":{"start":{"line":194,"column":0},"end":{"line":211,"column":0}},"110":{"start":{"line":195,"column":2},"end":{"line":195,"column":44}},"111":{"start":{"line":196,"column":2},"end":{"line":206,"column":3}},"112":{"start":{"line":197,"column":4},"end":{"line":197,"column":29}},"113":{"start":{"line":198,"column":4},"end":{"line":202,"column":30}},"114":{"start":{"line":199,"column":6},"end":{"line":199,"column":18}},"115":{"start":{"line":200,"column":6},"end":{"line":200,"column":46}},"116":{"start":{"line":201,"column":6},"end":{"line":201,"column":40}},"117":{"start":{"line":203,"column":4},"end":{"line":204,"column":2}},"118":{"start":{"line":205,"column":4},"end":{"line":205,"column":16}},"119":{"start":{"line":211,"column":0},"end":{"line":245,"column":0}},"120":{"start":{"line":212,"column":2},"end":{"line":212,"column":14}},"121":{"start":{"line":213,"column":2},"end":{"line":213,"column":25}},"122":{"start":{"line":214,"column":2},"end":{"line":214,"column":36}},"123":{"start":{"line":215,"column":2},"end":{"line":215,"column":29}},"124":{"start":{"line":217,"column":2},"end":{"line":217,"column":20}},"125":{"start":{"line":219,"column":2},"end":{"line":219,"column":22}},"126":{"start":{"line":220,"column":2},"end":{"line":238,"column":3}},"127":{"start":{"line":221,"column":4},"end":{"line":221,"column":19}},"128":{"start":{"line":222,"column":4},"end":{"line":237,"column":5}},"129":{"start":{"line":223,"column":6},"end":{"line":234,"column":7}},"130":{"start":{"line":225,"column":10},"end":{"line":225,"column":32}},"131":{"start":{"line":226,"column":10},"end":{"line":226,"column":22}},"132":{"start":{"line":227,"column":10},"end":{"line":227,"column":28}},"133":{"start":{"line":228,"column":10},"end":{"line":228,"column":16}},"134":{"start":{"line":230,"column":10},"end":{"line":231,"column":10}},"135":{"start":{"line":231,"column":10},"end":{"line":232,"column":8}},"136":{"start":{"line":233,"column":10},"end":{"line":234,"column":6}},"137":{"start":{"line":236,"column":6},"end":{"line":236,"column":39}},"138":{"start":{"line":240,"column":2},"end":{"line":241,"column":2}},"139":{"start":{"line":240,"column":27},"end":{"line":241,"column":2}},"140":{"start":{"line":241,"column":2},"end":{"line":241,"column":46}},"141":{"start":{"line":245,"column":0},"end":{"line":272,"column":0}},"142":{"start":{"line":246,"column":2},"end":{"line":246,"column":14}},"143":{"start":{"line":248,"column":2},"end":{"line":248,"column":49}},"144":{"start":{"line":249,"column":2},"end":{"line":249,"column":36}},"145":{"start":{"line":250,"column":2},"end":{"line":250,"column":29}},"146":{"start":{"line":252,"column":2},"end":{"line":252,"column":28}},"147":{"start":{"line":253,"column":2},"end":{"line":253,"column":39}},"148":{"start":{"line":254,"column":2},"end":{"line":254,"column":20}},"149":{"start":{"line":256,"column":2},"end":{"line":263,"column":3}},"150":{"start":{"line":257,"column":4},"end":{"line":262,"column":5}},"151":{"start":{"line":258,"column":6},"end":{"line":258,"column":29}},"152":{"start":{"line":259,"column":6},"end":{"line":259,"column":24}},"153":{"start":{"line":261,"column":6},"end":{"line":261,"column":39}},"154":{"start":{"line":264,"column":2},"end":{"line":264,"column":98}},"155":{"start":{"line":264,"column":26},"end":{"line":264,"column":98}},"156":{"start":{"line":265,"column":2},"end":{"line":265,"column":62}},"157":{"start":{"line":272,"column":0},"end":{"line":278,"column":0}},"158":{"start":{"line":273,"column":2},"end":{"line":273,"column":26}},"159":{"start":{"line":278,"column":0},"end":{"line":291,"column":0}},"160":{"start":{"line":279,"column":2},"end":{"line":279,"column":23}},"161":{"start":{"line":280,"column":2},"end":{"line":285,"column":3}},"162":{"start":{"line":281,"column":4},"end":{"line":281,"column":35}},"163":{"start":{"line":282,"column":4},"end":{"line":282,"column":20}},"164":{"start":{"line":283,"column":4},"end":{"line":283,"column":34}},"165":{"start":{"line":284,"column":4},"end":{"line":285,"column":2}},"166":{"start":{"line":286,"column":2},"end":{"line":286,"column":14}},"167":{"start":{"line":291,"column":0},"end":{"line":300,"column":0}},"168":{"start":{"line":292,"column":2},"end":{"line":292,"column":24}},"169":{"start":{"line":293,"column":2},"end":{"line":295,"column":3}},"170":{"start":{"line":294,"column":4},"end":{"line":295,"column":2}},"171":{"start":{"line":296,"column":2},"end":{"line":296,"column":14}},"172":{"start":{"line":300,"column":0},"end":{"line":313,"column":0}},"173":{"start":{"line":301,"column":2},"end":{"line":301,"column":26}},"174":{"start":{"line":302,"column":2},"end":{"line":304,"column":3}},"175":{"start":{"line":303,"column":4},"end":{"line":303,"column":45}},"176":{"start":{"line":305,"column":2},"end":{"line":305,"column":14}},"177":{"start":{"line":313,"column":0},"end":{"line":326,"column":0}},"178":{"start":{"line":314,"column":2},"end":{"line":314,"column":29}},"179":{"start":{"line":316,"column":2},"end":{"line":318,"column":3}},"180":{"start":{"line":317,"column":4},"end":{"line":318,"column":2}},"181":{"start":{"line":319,"column":2},"end":{"line":320,"column":0}},"182":{"start":{"line":326,"column":0},"end":{"line":338,"column":0}},"183":{"start":{"line":327,"column":2},"end":{"line":327,"column":33}},"184":{"start":{"line":329,"column":2},"end":{"line":331,"column":3}},"185":{"start":{"line":330,"column":4},"end":{"line":330,"column":55}},"186":{"start":{"line":332,"column":2},"end":{"line":333,"column":0}},"187":{"start":{"line":338,"column":0},"end":{"line":350,"column":0}},"188":{"start":{"line":339,"column":2},"end":{"line":339,"column":32}},"189":{"start":{"line":340,"column":2},"end":{"line":342,"column":3}},"190":{"start":{"line":341,"column":4},"end":{"line":341,"column":55}},"191":{"start":{"line":343,"column":2},"end":{"line":344,"column":0}},"192":{"start":{"line":350,"column":0},"end":{"line":362,"column":0}},"193":{"start":{"line":351,"column":2},"end":{"line":351,"column":30}},"194":{"start":{"line":352,"column":2},"end":{"line":354,"column":3}},"195":{"start":{"line":353,"column":4},"end":{"line":353,"column":54}},"196":{"start":{"line":355,"column":2},"end":{"line":356,"column":0}},"197":{"start":{"line":362,"column":0},"end":{"line":377,"column":0}},"198":{"start":{"line":363,"column":2},"end":{"line":363,"column":9}},"199":{"start":{"line":364,"column":2},"end":{"line":368,"column":3}},"200":{"start":{"line":365,"column":4},"end":{"line":366,"column":2}},"201":{"start":{"line":367,"column":4},"end":{"line":368,"column":2}},"202":{"start":{"line":377,"column":0},"end":{"line":403,"column":0}},"203":{"start":{"line":378,"column":2},"end":{"line":378,"column":32}},"204":{"start":{"line":379,"column":2},"end":{"line":379,"column":9}},"205":{"start":{"line":380,"column":2},"end":{"line":397,"column":3}},"206":{"start":{"line":381,"column":4},"end":{"line":396,"column":5}},"207":{"start":{"line":384,"column":8},"end":{"line":385,"column":8}},"208":{"start":{"line":385,"column":8},"end":{"line":385,"column":35}},"209":{"start":{"line":388,"column":8},"end":{"line":389,"column":8}},"210":{"start":{"line":389,"column":8},"end":{"line":390,"column":8}},"211":{"start":{"line":390,"column":8},"end":{"line":390,"column":34}},"212":{"start":{"line":393,"column":8},"end":{"line":394,"column":8}},"213":{"start":{"line":394,"column":8},"end":{"line":395,"column":8}},"214":{"start":{"line":395,"column":8},"end":{"line":395,"column":34}},"215":{"start":{"line":398,"column":2},"end":{"line":398,"column":14}},"216":{"start":{"line":403,"column":0},"end":{"line":423,"column":0}},"217":{"start":{"line":404,"column":2},"end":{"line":405,"column":2}},"218":{"start":{"line":405,"column":2},"end":{"line":405,"column":20}},"219":{"start":{"line":406,"column":2},"end":{"line":410,"column":25}},"220":{"start":{"line":407,"column":4},"end":{"line":409,"column":5}},"221":{"start":{"line":408,"column":6},"end":{"line":409,"column":4}},"222":{"start":{"line":411,"column":2},"end":{"line":412,"column":0}},"223":{"start":{"line":423,"column":0},"end":{"line":471,"column":0}},"224":{"start":{"line":424,"column":2},"end":{"line":424,"column":21}},"225":{"start":{"line":425,"column":2},"end":{"line":456,"column":3}},"226":{"start":{"line":427,"column":6},"end":{"line":427,"column":27}},"227":{"start":{"line":429,"column":6},"end":{"line":429,"column":26}},"228":{"start":{"line":431,"column":6},"end":{"line":431,"column":26}},"229":{"start":{"line":434,"column":6},"end":{"line":434,"column":18}},"230":{"start":{"line":435,"column":6},"end":{"line":448,"column":7}},"231":{"start":{"line":437,"column":10},"end":{"line":437,"column":22}},"232":{"start":{"line":439,"column":10},"end":{"line":439,"column":23}},"233":{"start":{"line":441,"column":10},"end":{"line":441,"column":22}},"234":{"start":{"line":443,"column":10},"end":{"line":443,"column":27}},"235":{"start":{"line":445,"column":10},"end":{"line":445,"column":29}},"236":{"start":{"line":447,"column":10},"end":{"line":447,"column":20}},"237":{"start":{"line":449,"column":6},"end":{"line":449,"column":12}},"238":{"start":{"line":452,"column":6},"end":{"line":452,"column":18}},"239":{"start":{"line":453,"column":6},"end":{"line":453,"column":22}},"240":{"start":{"line":455,"column":6},"end":{"line":455,"column":48}},"241":{"start":{"line":471,"column":0},"end":{"line":488,"column":0}},"242":{"start":{"line":472,"column":2},"end":{"line":472,"column":18}},"243":{"start":{"line":473,"column":2},"end":{"line":473,"column":9}},"244":{"start":{"line":474,"column":2},"end":{"line":474,"column":17}},"245":{"start":{"line":475,"column":2},"end":{"line":480,"column":3}},"246":{"start":{"line":476,"column":4},"end":{"line":476,"column":20}},"247":{"start":{"line":477,"column":4},"end":{"line":477,"column":33}},"248":{"start":{"line":478,"column":4},"end":{"line":479,"column":4}},"249":{"start":{"line":479,"column":4},"end":{"line":479,"column":46}},"250":{"start":{"line":481,"column":2},"end":{"line":481,"column":25}},"251":{"start":{"line":482,"column":2},"end":{"line":482,"column":18}},"252":{"start":{"line":483,"column":2},"end":{"line":484,"column":0}},"253":{"start":{"line":488,"column":0},"end":{"line":500,"column":0}},"254":{"start":{"line":489,"column":2},"end":{"line":489,"column":18}},"255":{"start":{"line":490,"column":2},"end":{"line":490,"column":25}},"256":{"start":{"line":491,"column":2},"end":{"line":494,"column":3}},"257":{"start":{"line":492,"column":4},"end":{"line":493,"column":4}},"258":{"start":{"line":493,"column":4},"end":{"line":493,"column":24}},"259":{"start":{"line":495,"column":2},"end":{"line":495,"column":28}},"260":{"start":{"line":496,"column":2},"end":{"line":497,"column":2}},"261":{"start":{"line":497,"column":2},"end":{"line":497,"column":30}},"262":{"start":{"line":500,"column":0},"end":{"line":509,"column":0}},"263":{"start":{"line":501,"column":2},"end":{"line":502,"column":2}},"264":{"start":{"line":502,"column":2},"end":{"line":502,"column":23}},"265":{"start":{"line":503,"column":2},"end":{"line":504,"column":2}},"266":{"start":{"line":504,"column":2},"end":{"line":504,"column":13}},"267":{"start":{"line":509,"column":0},"end":{"line":509,"column":24}}},"branchMap":{"1":{"line":7,"type":"binary-expr","locations":[{"start":{"line":7,"column":9},"end":{"line":7,"column":13}},{"start":{"line":7,"column":17},"end":{"line":7,"column":19}}]},"2":{"line":24,"type":"binary-expr","locations":[{"start":{"line":24,"column":6},"end":{"line":24,"column":7}},{"start":{"line":24,"column":11},"end":{"line":24,"column":12}}]},"3":{"line":25,"type":"if","locations":[{"start":{"line":25,"column":2},"end":{"line":25,"column":2}},{"start":{"line":25,"column":2},"end":{"line":25,"column":2}}]},"4":{"line":27,"type":"if","locations":[{"start":{"line":27,"column":2},"end":{"line":27,"column":2}},{"start":{"line":27,"column":2},"end":{"line":27,"column":2}}]},"5":{"line":34,"type":"binary-expr","locations":[{"start":{"line":34,"column":10},"end":{"line":34,"column":20}},{"start":{"line":34,"column":24},"end":{"line":34,"column":26}}]},"6":{"line":38,"type":"if","locations":[{"start":{"line":38,"column":2},"end":{"line":38,"column":2}},{"start":{"line":38,"column":2},"end":{"line":38,"column":2}}]},"7":{"line":40,"type":"cond-expr","locations":[{"start":{"line":40,"column":51},"end":{"line":40,"column":53}},{"start":{"line":40,"column":54},"end":{"line":40,"column":64}}]},"8":{"line":40,"type":"cond-expr","locations":[{"start":{"line":40,"column":109},"end":{"line":40,"column":111}},{"start":{"line":40,"column":112},"end":{"line":40,"column":124}}]},"9":{"line":49,"type":"cond-expr","locations":[{"start":{"line":49,"column":82},"end":{"line":49,"column":85}},{"start":{"line":49,"column":87},"end":{"line":49,"column":100}}]},"10":{"line":53,"type":"binary-expr","locations":[{"start":{"line":53,"column":6},"end":{"line":53,"column":7}},{"start":{"line":53,"column":11},"end":{"line":53,"column":12}}]},"11":{"line":58,"type":"if","locations":[{"start":{"line":58,"column":2},"end":{"line":58,"column":2}},{"start":{"line":58,"column":2},"end":{"line":58,"column":2}}]},"12":{"line":60,"type":"if","locations":[{"start":{"line":60,"column":6},"end":{"line":60,"column":6}},{"start":{"line":60,"column":6},"end":{"line":60,"column":6}}]},"13":{"line":66,"type":"if","locations":[{"start":{"line":66,"column":4},"end":{"line":66,"column":4}},{"start":{"line":66,"column":4},"end":{"line":66,"column":4}}]},"14":{"line":66,"type":"binary-expr","locations":[{"start":{"line":66,"column":8},"end":{"line":66,"column":23}},{"start":{"line":67,"column":12},"end":{"line":67,"column":39}},{"start":{"line":67,"column":43},"end":{"line":67,"column":60}}]},"15":{"line":76,"type":"binary-expr","locations":[{"start":{"line":76,"column":9},"end":{"line":76,"column":15}},{"start":{"line":76,"column":19},"end":{"line":76,"column":31}}]},"16":{"line":87,"type":"binary-expr","locations":[{"start":{"line":87,"column":8},"end":{"line":87,"column":25}},{"start":{"line":87,"column":29},"end":{"line":87,"column":51}}]},"17":{"line":108,"type":"switch","locations":[{"start":{"line":109,"column":4},"end":{"line":109,"column":16}},{"start":{"line":110,"column":4},"end":{"line":116,"column":18}},{"start":{"line":117,"column":4},"end":{"line":118,"column":24}},{"start":{"line":119,"column":4},"end":{"line":120,"column":30}},{"start":{"line":121,"column":4},"end":{"line":122,"column":32}},{"start":{"line":123,"column":4},"end":{"line":125,"column":2}}]},"18":{"line":136,"type":"if","locations":[{"start":{"line":136,"column":2},"end":{"line":136,"column":2}},{"start":{"line":136,"column":2},"end":{"line":136,"column":2}}]},"19":{"line":138,"type":"if","locations":[{"start":{"line":138,"column":4},"end":{"line":138,"column":4}},{"start":{"line":138,"column":4},"end":{"line":138,"column":4}}]},"20":{"line":147,"type":"if","locations":[{"start":{"line":147,"column":2},"end":{"line":147,"column":2}},{"start":{"line":147,"column":2},"end":{"line":147,"column":2}}]},"21":{"line":152,"type":"if","locations":[{"start":{"line":152,"column":4},"end":{"line":152,"column":4}},{"start":{"line":152,"column":4},"end":{"line":152,"column":4}}]},"22":{"line":163,"type":"switch","locations":[{"start":{"line":164,"column":4},"end":{"line":164,"column":16}},{"start":{"line":165,"column":4},"end":{"line":167,"column":22}},{"start":{"line":168,"column":4},"end":{"line":169,"column":32}},{"start":{"line":170,"column":4},"end":{"line":172,"column":2}}]},"23":{"line":178,"type":"binary-expr","locations":[{"start":{"line":178,"column":9},"end":{"line":178,"column":13}},{"start":{"line":178,"column":18},"end":{"line":178,"column":33}}]},"24":{"line":179,"type":"if","locations":[{"start":{"line":179,"column":2},"end":{"line":179,"column":2}},{"start":{"line":179,"column":2},"end":{"line":179,"column":2}}]},"25":{"line":196,"type":"if","locations":[{"start":{"line":196,"column":2},"end":{"line":196,"column":2}},{"start":{"line":196,"column":2},"end":{"line":196,"column":2}}]},"26":{"line":222,"type":"if","locations":[{"start":{"line":222,"column":4},"end":{"line":222,"column":4}},{"start":{"line":222,"column":4},"end":{"line":222,"column":4}}]},"27":{"line":223,"type":"switch","locations":[{"start":{"line":224,"column":8},"end":{"line":228,"column":16}},{"start":{"line":229,"column":8},"end":{"line":232,"column":8}},{"start":{"line":232,"column":8},"end":{"line":234,"column":6}}]},"28":{"line":240,"type":"if","locations":[{"start":{"line":240,"column":2},"end":{"line":240,"column":2}},{"start":{"line":240,"column":2},"end":{"line":240,"column":2}}]},"29":{"line":257,"type":"if","locations":[{"start":{"line":257,"column":4},"end":{"line":257,"column":4}},{"start":{"line":257,"column":4},"end":{"line":257,"column":4}}]},"30":{"line":264,"type":"if","locations":[{"start":{"line":264,"column":2},"end":{"line":264,"column":2}},{"start":{"line":264,"column":2},"end":{"line":264,"column":2}}]},"31":{"line":280,"type":"if","locations":[{"start":{"line":280,"column":2},"end":{"line":280,"column":2}},{"start":{"line":280,"column":2},"end":{"line":280,"column":2}}]},"32":{"line":293,"type":"if","locations":[{"start":{"line":293,"column":2},"end":{"line":293,"column":2}},{"start":{"line":293,"column":2},"end":{"line":293,"column":2}}]},"33":{"line":302,"type":"if","locations":[{"start":{"line":302,"column":2},"end":{"line":302,"column":2}},{"start":{"line":302,"column":2},"end":{"line":302,"column":2}}]},"34":{"line":316,"type":"if","locations":[{"start":{"line":316,"column":2},"end":{"line":316,"column":2}},{"start":{"line":316,"column":2},"end":{"line":316,"column":2}}]},"35":{"line":329,"type":"if","locations":[{"start":{"line":329,"column":2},"end":{"line":329,"column":2}},{"start":{"line":329,"column":2},"end":{"line":329,"column":2}}]},"36":{"line":329,"type":"binary-expr","locations":[{"start":{"line":329,"column":11},"end":{"line":329,"column":43}},{"start":{"line":329,"column":47},"end":{"line":329,"column":70}}]},"37":{"line":340,"type":"if","locations":[{"start":{"line":340,"column":2},"end":{"line":340,"column":2}},{"start":{"line":340,"column":2},"end":{"line":340,"column":2}}]},"38":{"line":352,"type":"if","locations":[{"start":{"line":352,"column":2},"end":{"line":352,"column":2}},{"start":{"line":352,"column":2},"end":{"line":352,"column":2}}]},"39":{"line":364,"type":"if","locations":[{"start":{"line":364,"column":2},"end":{"line":364,"column":2}},{"start":{"line":364,"column":2},"end":{"line":364,"column":2}}]},"40":{"line":378,"type":"binary-expr","locations":[{"start":{"line":378,"column":9},"end":{"line":378,"column":13}},{"start":{"line":378,"column":17},"end":{"line":378,"column":31}}]},"41":{"line":380,"type":"if","locations":[{"start":{"line":380,"column":2},"end":{"line":380,"column":2}},{"start":{"line":380,"column":2},"end":{"line":380,"column":2}}]},"42":{"line":381,"type":"switch","locations":[{"start":{"line":382,"column":6},"end":{"line":385,"column":35}},{"start":{"line":386,"column":6},"end":{"line":390,"column":34}},{"start":{"line":391,"column":6},"end":{"line":395,"column":34}}]},"43":{"line":404,"type":"binary-expr","locations":[{"start":{"line":404,"column":8},"end":{"line":404,"column":11}},{"start":{"line":404,"column":15},"end":{"line":404,"column":18}}]},"44":{"line":407,"type":"if","locations":[{"start":{"line":407,"column":4},"end":{"line":407,"column":4}},{"start":{"line":407,"column":4},"end":{"line":407,"column":4}}]},"45":{"line":425,"type":"switch","locations":[{"start":{"line":426,"column":4},"end":{"line":427,"column":27}},{"start":{"line":428,"column":4},"end":{"line":429,"column":26}},{"start":{"line":430,"column":4},"end":{"line":431,"column":26}},{"start":{"line":433,"column":4},"end":{"line":449,"column":12}},{"start":{"line":450,"column":4},"end":{"line":450,"column":18}},{"start":{"line":451,"column":4},"end":{"line":453,"column":22}},{"start":{"line":454,"column":4},"end":{"line":455,"column":48}}]},"46":{"line":435,"type":"switch","locations":[{"start":{"line":436,"column":8},"end":{"line":437,"column":22}},{"start":{"line":438,"column":8},"end":{"line":439,"column":23}},{"start":{"line":440,"column":8},"end":{"line":441,"column":22}},{"start":{"line":442,"column":8},"end":{"line":443,"column":27}},{"start":{"line":444,"column":8},"end":{"line":445,"column":29}},{"start":{"line":446,"column":8},"end":{"line":447,"column":20}}]}},"l":{"1":1,"2":1,"3":1,"6":1,"7":11,"8":11,"9":11,"10":11,"11":11,"14":1,"17":1,"18":11,"19":11,"23":1,"24":233,"25":233,"26":233,"27":233,"28":0,"30":233,"33":1,"34":0,"37":1,"38":24,"39":0,"40":0,"42":24,"48":1,"49":5,"52":1,"53":60,"54":60,"56":1,"57":147,"58":147,"59":60,"60":194,"61":0,"62":0,"66":87,"68":33,"69":33,"72":114,"75":1,"76":0,"85":1,"86":14,"87":14,"88":14,"89":9,"91":9,"94":1,"95":0,"96":0,"97":0,"99":0,"106":1,"107":23,"108":23,"111":7,"112":7,"113":7,"114":0,"116":7,"118":3,"120":9,"122":4,"124":0,"130":1,"131":3,"132":3,"133":3,"134":3,"135":3,"136":3,"137":3,"138":3,"140":3,"145":1,"146":3,"147":3,"148":1,"150":1,"151":2,"152":2,"153":2,"161":1,"162":1,"163":1,"166":1,"167":1,"169":0,"171":0,"173":0,"177":1,"178":9,"179":9,"180":9,"182":0,"186":1,"187":4,"188":4,"189":4,"190":4,"194":1,"195":4,"196":4,"197":0,"198":0,"199":0,"200":0,"201":0,"203":0,"205":4,"211":1,"212":7,"213":7,"214":2,"215":2,"217":2,"219":2,"220":2,"221":9,"222":9,"223":2,"225":2,"226":2,"227":2,"228":2,"230":0,"231":0,"233":0,"236":7,"240":2,"241":2,"245":1,"246":2,"248":2,"249":2,"250":2,"252":2,"253":2,"254":2,"256":2,"257":2,"258":0,"259":0,"261":2,"264":2,"265":2,"272":1,"273":13,"278":1,"279":13,"280":8,"281":0,"282":0,"283":0,"284":0,"286":8,"291":1,"292":13,"293":8,"294":0,"296":8,"300":1,"301":13,"302":8,"303":0,"305":8,"313":1,"314":13,"316":8,"317":0,"319":8,"326":1,"327":13,"329":8,"330":0,"332":8,"338":1,"339":13,"340":8,"341":0,"343":8,"350":1,"351":13,"352":8,"353":0,"355":8,"362":1,"363":13,"364":13,"365":0,"367":13,"377":1,"378":13,"379":8,"380":8,"381":0,"384":0,"385":0,"388":0,"389":0,"390":0,"393":0,"394":0,"395":0,"398":8,"403":1,"404":0,"405":0,"406":0,"407":0,"408":0,"411":0,"423":1,"424":13,"425":13,"427":0,"429":0,"431":0,"434":8,"435":8,"437":0,"439":0,"441":0,"443":0,"445":0,"447":8,"449":0,"452":0,"453":0,"455":5,"471":1,"472":0,"473":0,"474":0,"475":0,"476":0,"477":0,"478":0,"479":0,"481":0,"482":0,"483":0,"488":1,"489":0,"490":0,"491":0,"492":0,"493":0,"495":0,"496":0,"497":0,"500":1,"501":0,"502":0,"503":0,"504":0,"509":1}},
"/home/code/terminator/src/parser/node.js":{"path":"/home/code/terminator/src/parser/node.js","s":{"1":1,"2":6,"3":4,"4":4,"5":0,"6":0,"7":0,"8":0,"9":0,"10":0,"11":0,"12":0,"13":0},"b":{},"f":{"1":6,"2":4,"3":4,"4":0,"5":0,"6":0,"7":0,"8":0,"9":0,"10":0,"11":0,"12":0},"fnMap":{"1":{"name":"(anonymous_1)","line":2,"loc":{"start":{"line":2,"column":11},"end":{"line":2,"column":42}}},"2":{"name":"(anonymous_2)","line":10,"loc":{"start":{"line":10,"column":6},"end":{"line":10,"column":43}}},"3":{"name":"(anonymous_3)","line":18,"loc":{"start":{"line":18,"column":8},"end":{"line":18,"column":42}}},"4":{"name":"(anonymous_4)","line":26,"loc":{"start":{"line":26,"column":8},"end":{"line":26,"column":22}}},"5":{"name":"(anonymous_5)","line":29,"loc":{"start":{"line":29,"column":15},"end":{"line":29,"column":35}}},"6":{"name":"(anonymous_6)","line":35,"loc":{"start":{"line":35,"column":10},"end":{"line":35,"column":35}}},"7":{"name":"(anonymous_7)","line":44,"loc":{"start":{"line":44,"column":13},"end":{"line":44,"column":50}}},"8":{"name":"(anonymous_8)","line":53,"loc":{"start":{"line":53,"column":9},"end":{"line":53,"column":34}}},"9":{"name":"(anonymous_9)","line":61,"loc":{"start":{"line":61,"column":10},"end":{"line":61,"column":35}}},"10":{"name":"(anonymous_10)","line":69,"loc":{"start":{"line":69,"column":9},"end":{"line":69,"column":26}}},"11":{"name":"(anonymous_11)","line":76,"loc":{"start":{"line":76,"column":8},"end":{"line":76,"column":30}}},"12":{"name":"(anonymous_12)","line":84,"loc":{"start":{"line":84,"column":10},"end":{"line":84,"column":41}}}},"statementMap":{"1":{"start":{"line":1,"column":0},"end":{"line":94,"column":0}},"2":{"start":{"line":3,"column":4},"end":{"line":9,"column":2}},"3":{"start":{"line":11,"column":4},"end":{"line":17,"column":2}},"4":{"start":{"line":19,"column":4},"end":{"line":25,"column":2}},"5":{"start":{"line":27,"column":4},"end":{"line":27,"column":16}},"6":{"start":{"line":30,"column":4},"end":{"line":34,"column":2}},"7":{"start":{"line":36,"column":4},"end":{"line":41,"column":2}},"8":{"start":{"line":45,"column":4},"end":{"line":52,"column":2}},"9":{"start":{"line":54,"column":4},"end":{"line":60,"column":2}},"10":{"start":{"line":62,"column":4},"end":{"line":68,"column":2}},"11":{"start":{"line":70,"column":4},"end":{"line":75,"column":2}},"12":{"start":{"line":77,"column":4},"end":{"line":83,"column":2}},"13":{"start":{"line":85,"column":4},"end":{"line":91,"column":2}}},"branchMap":{},"l":{"1":1,"3":6,"11":4,"19":4,"27":0,"30":0,"36":0,"45":0,"54":0,"62":0,"70":0,"77":0,"85":0}}}
