TN:
SF:/home/code/terminator/src/parser/Lexer.js
FN:3,wrapHander
FN:4,(anonymous_2)
FN:8,wrapKeyValue
FN:9,(anonymous_4)
FN:15,Lexer
FN:23,(anonymous_6)
FN:34,(anonymous_7)
FN:66,(anonymous_8)
FN:77,(anonymous_9)
FN:81,(anonymous_10)
FN:99,(anonymous_11)
FN:106,(anonymous_12)
FN:117,(anonymous_13)
FN:126,(anonymous_14)
FN:141,genMap
FN:151,setup
FN:177,(anonymous_17)
FN:200,(anonymous_18)
FN:206,(anonymous_19)
FN:211,(anonymous_20)
FN:222,(anonymous_21)
FN:225,(anonymous_22)
FN:231,(anonymous_23)
FN:236,(anonymous_24)
FN:247,(anonymous_25)
FN:253,(anonymous_26)
FN:257,(anonymous_27)
FN:265,(anonymous_28)
FN:277,(anonymous_29)
FN:281,(anonymous_30)
FN:284,(anonymous_31)
FN:337,escapeRegExp
FN:338,(anonymous_33)
FNF:33
FNH:23
FNDA:5,wrapHander
FNDA:29,(anonymous_2)
FNDA:0,wrapKeyValue
FNDA:0,(anonymous_4)
FNDA:17,Lexer
FNDA:0,(anonymous_6)
FNDA:17,(anonymous_7)
FNDA:0,(anonymous_8)
FNDA:0,(anonymous_9)
FNDA:221,(anonymous_10)
FNDA:0,(anonymous_11)
FNDA:68,(anonymous_12)
FNDA:221,(anonymous_13)
FNDA:68,(anonymous_14)
FNDA:2,genMap
FNDA:2,setup
FNDA:22,(anonymous_17)
FNDA:33,(anonymous_18)
FNDA:13,(anonymous_19)
FNDA:22,(anonymous_20)
FNDA:11,(anonymous_21)
FNDA:11,(anonymous_22)
FNDA:0,(anonymous_23)
FNDA:13,(anonymous_24)
FNDA:20,(anonymous_25)
FNDA:33,(anonymous_26)
FNDA:13,(anonymous_27)
FNDA:13,(anonymous_28)
FNDA:0,(anonymous_29)
FNDA:0,(anonymous_30)
FNDA:0,(anonymous_31)
FNDA:13,escapeRegExp
FNDA:13,(anonymous_33)
DA:1,1
DA:3,1
DA:4,5
DA:5,29
DA:8,1
DA:9,0
DA:10,0
DA:15,1
DA:16,17
DA:17,17
DA:18,17
DA:21,1
DA:23,1
DA:24,0
DA:25,0
DA:26,0
DA:27,0
DA:28,0
DA:30,0
DA:31,0
DA:34,1
DA:35,17
DA:36,17
DA:39,17
DA:41,17
DA:42,17
DA:44,221
DA:45,221
DA:46,221
DA:47,221
DA:48,0
DA:49,0
DA:51,221
DA:52,221
DA:53,221
DA:54,221
DA:55,221
DA:59,17
DA:63,17
DA:66,1
DA:68,0
DA:69,0
DA:70,0
DA:71,0
DA:72,0
DA:73,0
DA:74,0
DA:77,1
DA:78,0
DA:81,1
DA:82,221
DA:84,221
DA:85,658
DA:88,658
DA:89,221
DA:90,211
DA:91,211
DA:93,221
DA:96,221
DA:99,1
DA:106,1
DA:109,68
DA:110,68
DA:117,1
DA:118,221
DA:119,221
DA:126,1
DA:127,68
DA:130,1
DA:141,1
DA:142,2
DA:143,2
DA:144,32
DA:145,32
DA:146,32
DA:148,2
DA:151,1
DA:152,2
DA:154,2
DA:156,5
DA:157,5
DA:158,5
DA:159,5
DA:161,5
DA:162,32
DA:163,32
DA:164,32
DA:166,32
DA:167,5
DA:168,0
DA:169,0
DA:170,0
DA:172,5
DA:175,32
DA:177,32
DA:178,22
DA:180,32
DA:181,32
DA:182,32
DA:183,32
DA:185,5
DA:187,2
DA:193,1
DA:201,33
DA:202,33
DA:207,13
DA:208,13
DA:212,22
DA:213,22
DA:223,11
DA:226,11
DA:227,11
DA:232,0
DA:237,13
DA:238,13
DA:248,20
DA:254,33
DA:255,33
DA:258,13
DA:259,13
DA:266,13
DA:267,13
DA:278,0
DA:282,0
DA:285,0
DA:286,0
DA:291,1
DA:320,1
DA:337,1
DA:338,13
DA:339,13
DA:344,1
LF:132
LH:105
BRDA:16,1,0,17
BRDA:16,1,1,0
BRDA:17,2,0,17
BRDA:17,2,1,3
BRDA:18,3,0,11
BRDA:18,3,1,6
BRDA:26,4,0,0
BRDA:26,4,1,0
BRDA:26,4,2,0
BRDA:26,4,3,0
BRDA:26,4,4,0
BRDA:26,4,5,0
BRDA:35,5,0,17
BRDA:35,5,1,17
BRDA:47,6,0,0
BRDA:47,6,1,221
BRDA:53,7,0,157
BRDA:53,7,1,64
BRDA:70,8,0,0
BRDA:70,8,1,0
BRDA:88,9,0,221
BRDA:88,9,1,437
BRDA:89,10,0,211
BRDA:89,10,1,10
BRDA:91,11,0,157
BRDA:91,11,1,54
BRDA:145,12,0,32
BRDA:145,12,1,6
BRDA:146,13,0,32
BRDA:146,13,1,5
BRDA:166,14,0,5
BRDA:166,14,1,27
BRDA:167,15,0,0
BRDA:167,15,1,5
BRDA:175,16,0,26
BRDA:175,16,1,6
BRDA:178,17,0,13
BRDA:178,17,1,9
BRDA:202,18,0,7
BRDA:202,18,1,26
BRDA:208,19,0,5
BRDA:208,19,1,8
BRDA:213,20,0,2
BRDA:213,20,1,20
BRDA:237,21,0,11
BRDA:237,21,1,2
BRDA:282,22,0,0
BRDA:282,22,1,0
BRDA:286,23,0,0
BRDA:286,23,1,0
BRDA:286,24,0,0
BRDA:286,24,1,0
BRF:52
BRH:35
end_of_record
TN:
SF:/home/code/terminator/src/util.js
FN:4,(anonymous_1)
FN:6,(anonymous_2)
FN:12,(anonymous_3)
FN:16,(anonymous_4)
FN:20,(anonymous_5)
FN:79,(anonymous_6)
FN:111,(anonymous_7)
FN:128,(anonymous_8)
FNF:8
FNH:4
FNDA:1,(anonymous_1)
FNDA:0,(anonymous_2)
FNDA:0,(anonymous_3)
FNDA:32,(anonymous_4)
FNDA:0,(anonymous_5)
FNDA:5,(anonymous_6)
FNDA:32,(anonymous_7)
FNDA:0,(anonymous_8)
DA:1,1
DA:2,1
DA:4,1
DA:5,1
DA:6,1
DA:7,0
DA:12,1
DA:13,0
DA:16,1
DA:17,32
DA:20,1
DA:22,0
DA:23,0
DA:24,0
DA:27,0
DA:78,1
DA:79,1
DA:80,5
DA:82,5
DA:83,5
DA:85,5
DA:86,5
DA:87,0
DA:88,0
DA:89,0
DA:91,0
DA:94,5
DA:96,5
DA:97,5
DA:99,5
DA:100,5
DA:102,5
DA:103,5
DA:104,5
DA:106,5
DA:110,1
DA:111,1
DA:112,32
DA:116,32
DA:117,709
DA:118,709
DA:119,709
DA:120,709
DA:123,32
DA:124,32
DA:128,1
DA:129,0
DA:130,0
LF:48
LH:36
BRDA:17,1,0,0
BRDA:17,1,1,32
BRDA:23,2,0,0
BRDA:23,2,1,0
BRDA:23,3,0,0
BRDA:23,3,1,0
BRDA:87,4,0,0
BRDA:87,4,1,0
BRDA:94,5,0,5
BRDA:94,5,1,0
BRDA:97,6,0,5
BRDA:97,6,1,0
BRDA:100,7,0,0
BRDA:100,7,1,5
BRDA:103,8,0,5
BRDA:103,8,1,0
BRDA:104,9,0,5
BRDA:104,9,1,0
BRDA:118,10,0,709
BRDA:118,10,1,0
BRDA:118,11,0,709
BRDA:118,11,1,677
BRDA:118,11,2,96
BRDA:119,12,0,24
BRDA:119,12,1,685
BRDA:120,13,0,24
BRDA:120,13,1,685
BRDA:123,14,0,0
BRDA:123,14,1,32
BRDA:129,15,0,0
BRDA:129,15,1,0
BRF:31
BRH:15
end_of_record
TN:
SF:/home/code/terminator/src/parser/Parser.js
FN:6,Parser
FN:17,(anonymous_2)
FN:23,(anonymous_3)
FN:33,(anonymous_4)
FN:37,(anonymous_5)
FN:48,(anonymous_6)
FN:52,(anonymous_7)
FN:56,(anonymous_8)
FN:75,(anonymous_9)
FN:85,(anonymous_10)
FN:94,(anonymous_11)
FN:106,(anonymous_12)
FN:130,(anonymous_13)
FN:145,(anonymous_14)
FN:161,(anonymous_15)
FN:177,(anonymous_16)
FN:186,(anonymous_17)
FN:194,(anonymous_18)
FN:211,(anonymous_19)
FN:245,(anonymous_20)
FN:272,(anonymous_21)
FN:278,(anonymous_22)
FN:291,(anonymous_23)
FN:300,(anonymous_24)
FN:313,(anonymous_25)
FN:326,(anonymous_26)
FN:338,(anonymous_27)
FN:350,(anonymous_28)
FN:362,(anonymous_29)
FN:377,(anonymous_30)
FN:403,(anonymous_31)
FN:423,(anonymous_32)
FN:471,(anonymous_33)
FN:488,(anonymous_34)
FN:500,(anonymous_35)
FNF:35
FNH:28
FNDA:11,Parser
FNDA:11,(anonymous_2)
FNDA:233,(anonymous_3)
FNDA:0,(anonymous_4)
FNDA:24,(anonymous_5)
FNDA:5,(anonymous_6)
FNDA:60,(anonymous_7)
FNDA:147,(anonymous_8)
FNDA:0,(anonymous_9)
FNDA:14,(anonymous_10)
FNDA:0,(anonymous_11)
FNDA:23,(anonymous_12)
FNDA:3,(anonymous_13)
FNDA:3,(anonymous_14)
FNDA:1,(anonymous_15)
FNDA:9,(anonymous_16)
FNDA:4,(anonymous_17)
FNDA:4,(anonymous_18)
FNDA:7,(anonymous_19)
FNDA:2,(anonymous_20)
FNDA:13,(anonymous_21)
FNDA:13,(anonymous_22)
FNDA:13,(anonymous_23)
FNDA:13,(anonymous_24)
FNDA:13,(anonymous_25)
FNDA:13,(anonymous_26)
FNDA:13,(anonymous_27)
FNDA:13,(anonymous_28)
FNDA:13,(anonymous_29)
FNDA:13,(anonymous_30)
FNDA:0,(anonymous_31)
FNDA:13,(anonymous_32)
FNDA:0,(anonymous_33)
FNDA:0,(anonymous_34)
FNDA:0,(anonymous_35)
DA:1,1
DA:2,1
DA:3,1
DA:6,1
DA:7,11
DA:8,11
DA:9,11
DA:10,11
DA:11,11
DA:14,1
DA:17,1
DA:18,11
DA:19,11
DA:23,1
DA:24,233
DA:25,233
DA:26,233
DA:27,233
DA:28,0
DA:30,233
DA:33,1
DA:34,0
DA:37,1
DA:38,24
DA:39,0
DA:40,0
DA:42,24
DA:48,1
DA:49,5
DA:52,1
DA:53,60
DA:54,60
DA:56,1
DA:57,147
DA:58,147
DA:59,60
DA:60,194
DA:61,0
DA:62,0
DA:66,87
DA:68,33
DA:69,33
DA:72,114
DA:75,1
DA:76,0
DA:85,1
DA:86,14
DA:87,14
DA:88,14
DA:89,9
DA:91,9
DA:94,1
DA:95,0
DA:96,0
DA:97,0
DA:99,0
DA:106,1
DA:107,23
DA:108,23
DA:111,7
DA:112,7
DA:113,7
DA:114,0
DA:116,7
DA:118,3
DA:120,9
DA:122,4
DA:124,0
DA:130,1
DA:131,3
DA:132,3
DA:133,3
DA:134,3
DA:135,3
DA:136,3
DA:137,3
DA:138,3
DA:140,3
DA:145,1
DA:146,3
DA:147,3
DA:148,1
DA:150,1
DA:151,2
DA:152,2
DA:153,2
DA:161,1
DA:162,1
DA:163,1
DA:166,1
DA:167,1
DA:169,0
DA:171,0
DA:173,0
DA:177,1
DA:178,9
DA:179,9
DA:180,9
DA:182,0
DA:186,1
DA:187,4
DA:188,4
DA:189,4
DA:190,4
DA:194,1
DA:195,4
DA:196,4
DA:197,0
DA:198,0
DA:199,0
DA:200,0
DA:201,0
DA:203,0
DA:205,4
DA:211,1
DA:212,7
DA:213,7
DA:214,2
DA:215,2
DA:217,2
DA:219,2
DA:220,2
DA:221,9
DA:222,9
DA:223,2
DA:225,2
DA:226,2
DA:227,2
DA:228,2
DA:230,0
DA:231,0
DA:233,0
DA:236,7
DA:240,2
DA:241,2
DA:245,1
DA:246,2
DA:248,2
DA:249,2
DA:250,2
DA:252,2
DA:253,2
DA:254,2
DA:256,2
DA:257,2
DA:258,0
DA:259,0
DA:261,2
DA:264,2
DA:265,2
DA:272,1
DA:273,13
DA:278,1
DA:279,13
DA:280,8
DA:281,0
DA:282,0
DA:283,0
DA:284,0
DA:286,8
DA:291,1
DA:292,13
DA:293,8
DA:294,0
DA:296,8
DA:300,1
DA:301,13
DA:302,8
DA:303,0
DA:305,8
DA:313,1
DA:314,13
DA:316,8
DA:317,0
DA:319,8
DA:326,1
DA:327,13
DA:329,8
DA:330,0
DA:332,8
DA:338,1
DA:339,13
DA:340,8
DA:341,0
DA:343,8
DA:350,1
DA:351,13
DA:352,8
DA:353,0
DA:355,8
DA:362,1
DA:363,13
DA:364,13
DA:365,0
DA:367,13
DA:377,1
DA:378,13
DA:379,8
DA:380,8
DA:381,0
DA:384,0
DA:385,0
DA:388,0
DA:389,0
DA:390,0
DA:393,0
DA:394,0
DA:395,0
DA:398,8
DA:403,1
DA:404,0
DA:405,0
DA:406,0
DA:407,0
DA:408,0
DA:411,0
DA:423,1
DA:424,13
DA:425,13
DA:427,0
DA:429,0
DA:431,0
DA:434,8
DA:435,8
DA:437,0
DA:439,0
DA:441,0
DA:443,0
DA:445,0
DA:447,8
DA:449,0
DA:452,0
DA:453,0
DA:455,5
DA:471,1
DA:472,0
DA:473,0
DA:474,0
DA:475,0
DA:476,0
DA:477,0
DA:478,0
DA:479,0
DA:481,0
DA:482,0
DA:483,0
DA:488,1
DA:489,0
DA:490,0
DA:491,0
DA:492,0
DA:493,0
DA:495,0
DA:496,0
DA:497,0
DA:500,1
DA:501,0
DA:502,0
DA:503,0
DA:504,0
DA:509,1
LF:261
LH:173
BRDA:7,1,0,11
BRDA:7,1,1,8
BRDA:24,2,0,233
BRDA:24,2,1,233
BRDA:25,3,0,0
BRDA:25,3,1,233
BRDA:27,4,0,0
BRDA:27,4,1,233
BRDA:34,5,0,0
BRDA:34,5,1,0
BRDA:38,6,0,0
BRDA:38,6,1,24
BRDA:40,7,0,0
BRDA:40,7,1,0
BRDA:40,8,0,0
BRDA:40,8,1,0
BRDA:49,9,0,0
BRDA:49,9,1,5
BRDA:53,10,0,60
BRDA:53,10,1,60
BRDA:58,11,0,60
BRDA:58,11,1,87
BRDA:60,12,0,0
BRDA:60,12,1,194
BRDA:66,13,0,33
BRDA:66,13,1,54
BRDA:66,14,0,87
BRDA:66,14,1,35
BRDA:66,14,2,7
BRDA:76,15,0,0
BRDA:76,15,1,0
BRDA:87,16,0,23
BRDA:87,16,1,17
BRDA:108,17,0,0
BRDA:108,17,1,7
BRDA:108,17,2,3
BRDA:108,17,3,9
BRDA:108,17,4,4
BRDA:108,17,5,0
BRDA:136,18,0,3
BRDA:136,18,1,0
BRDA:138,19,0,0
BRDA:138,19,1,3
BRDA:147,20,0,2
BRDA:147,20,1,1
BRDA:152,21,0,1
BRDA:152,21,1,1
BRDA:163,22,0,1
BRDA:163,22,1,1
BRDA:163,22,2,0
BRDA:163,22,3,0
BRDA:178,23,0,9
BRDA:178,23,1,9
BRDA:179,24,0,9
BRDA:179,24,1,0
BRDA:196,25,0,0
BRDA:196,25,1,4
BRDA:222,26,0,2
BRDA:222,26,1,7
BRDA:223,27,0,2
BRDA:223,27,1,0
BRDA:223,27,2,0
BRDA:240,28,0,0
BRDA:240,28,1,2
BRDA:257,29,0,0
BRDA:257,29,1,2
BRDA:264,30,0,0
BRDA:264,30,1,2
BRDA:280,31,0,0
BRDA:280,31,1,8
BRDA:293,32,0,0
BRDA:293,32,1,8
BRDA:302,33,0,0
BRDA:302,33,1,8
BRDA:316,34,0,0
BRDA:316,34,1,8
BRDA:329,35,0,0
BRDA:329,35,1,8
BRDA:329,36,0,8
BRDA:329,36,1,8
BRDA:340,37,0,0
BRDA:340,37,1,8
BRDA:352,38,0,0
BRDA:352,38,1,8
BRDA:364,39,0,0
BRDA:364,39,1,13
BRDA:378,40,0,13
BRDA:378,40,1,13
BRDA:380,41,0,0
BRDA:380,41,1,8
BRDA:381,42,0,0
BRDA:381,42,1,0
BRDA:381,42,2,0
BRDA:404,43,0,0
BRDA:404,43,1,0
BRDA:407,44,0,0
BRDA:407,44,1,0
BRDA:425,45,0,0
BRDA:425,45,1,0
BRDA:425,45,2,0
BRDA:425,45,3,8
BRDA:425,45,4,0
BRDA:425,45,5,0
BRDA:425,45,6,5
BRDA:435,46,0,0
BRDA:435,46,1,0
BRDA:435,46,2,0
BRDA:435,46,3,0
BRDA:435,46,4,0
BRDA:435,46,5,8
BRF:110
BRH:58
end_of_record
TN:
SF:/home/code/terminator/src/parser/node.js
FN:2,(anonymous_1)
FN:10,(anonymous_2)
FN:18,(anonymous_3)
FN:26,(anonymous_4)
FN:29,(anonymous_5)
FN:35,(anonymous_6)
FN:44,(anonymous_7)
FN:53,(anonymous_8)
FN:61,(anonymous_9)
FN:69,(anonymous_10)
FN:76,(anonymous_11)
FN:84,(anonymous_12)
FNF:12
FNH:3
FNDA:6,(anonymous_1)
FNDA:4,(anonymous_2)
FNDA:4,(anonymous_3)
FNDA:0,(anonymous_4)
FNDA:0,(anonymous_5)
FNDA:0,(anonymous_6)
FNDA:0,(anonymous_7)
FNDA:0,(anonymous_8)
FNDA:0,(anonymous_9)
FNDA:0,(anonymous_10)
FNDA:0,(anonymous_11)
FNDA:0,(anonymous_12)
DA:1,1
DA:3,6
DA:11,4
DA:19,4
DA:27,0
DA:30,0
DA:36,0
DA:45,0
DA:54,0
DA:62,0
DA:70,0
DA:77,0
DA:85,0
LF:13
LH:4
BRF:0
BRH:0
end_of_record
